1560502603988	mozrunner::runner	INFO	Running command: "C:\\Program Files\\Mozilla Firefox\\firefox.exe" "-marionette" "-foreground" "-no-remote" "-profile" "C:\\Users\\ADMINI~1\\AppData\\Local\\Temp\\rust_mozprofile.4LnmDgwcQXO9"
1560502606120	addons.webextension.screenshots@mozilla.org	WARN	Loading extension 'screenshots@mozilla.org': Reading manifest: Invalid host permission: resource://pdf.js/
1560502606120	addons.webextension.screenshots@mozilla.org	WARN	Loading extension 'screenshots@mozilla.org': Reading manifest: Invalid host permission: about:reader*
1560502610468	Marionette	INFO	Listening on port 64077
1560502610654	Marionette	WARN	TLS certificate errors will be ignored for this session
1560502614873	Marionette	INFO	Stopped listening on port 64077
[Child 10272, Chrome_ChildThread] WARNING: pipe error: 109: file z:/build/build/src/ipc/chromium/src/chrome/common/ipc_channel_win.cc, line 332
[Child 10272, Chrome_ChildThread] WARNING: pipe error: 109: file z:/build/build/src/ipc/chromium/src/chrome/common/ipc_channel_win.cc, line 332
[Parent 11344, Gecko_IOThread] WARNING: pipe error: 109: file z:/build/build/src/ipc/chromium/src/chrome/common/ipc_channel_win.cc, line 332
[Child 14732, Chrome_ChildThread] WARNING: pipe error: 109: file z:/build/build/src/ipc/chromium/src/chrome/common/ipc_channel_win.cc, line 332
[Child 14732, Chrome_ChildThread] WARNING: pipe error: 109: file z:/build/build/src/ipc/chromium/src/chrome/common/ipc_channel_win.cc, line 332
JavaScript error: resource://gre/modules/ExtensionSettingsStore.jsm, line 103: Error: The ExtensionSettingsStore was accessed before the initialize promise resolved.

###!!! [Child][RunMessage] Error: Channel closing: too late to send/recv, messages will be lost

[GPU 7916, Ch
###!!! [Child][MessageChannel::SendAndWait] Error: Channel error: cannot send/recv

1560502701838	mozrunner::runner	INFO	Running command: "C:\\Program Files\\Mozilla Firefox\\firefox.exe" "-marionette" "-foreground" "-no-remote" "-profile" "C:\\Users\\ADMINI~1\\AppData\\Local\\Temp\\rust_mozprofile.FdAxsYPz6Drv"
1560502702454	addons.webextension.screenshots@mozilla.org	WARN	Loading extension 'screenshots@mozilla.org': Reading manifest: Invalid host permission: resource://pdf.js/
1560502702454	addons.webextension.screenshots@mozilla.org	WARN	Loading extension 'screenshots@mozilla.org': Reading manifest: Invalid host permission: about:reader*
1560502705488	Marionette	INFO	Listening on port 64296
1560502705672	Marionette	WARN	TLS certificate errors will be ignored for this session
JavaScript error: https://ss1.bdstatic.com/5eN1bjq8AAUYm2zgoY3K/r/www/cache/static/protocol/https/plugins/every_cookie_4644b13.js, line 4: ReferenceError: c is not defined
console.error: BroadcastService: 
  receivedBroadcastMessage: handler for
  remote-settings/monitor_changes
  threw error:
  Message: Error: Polling for changes failed: NetworkError when attempting to fetch resource..
  Stack:
    remoteSettingsFunction/remoteSettings.pollChanges@resource://services-settings/remote-settings.js:188:13

[Child 13800, Chrome_ChildThread] WARNING: pipe error: 109: file z:/build/build/src/ipc/chromium/src/chrome/common/ipc_channel_win.cc, line 332
[Child 13800, Chro[Child 5796, Chrome_ChildThread] WARNING: pipe error: 109: file z:/build/build/src/ipc/chromium/mse_Chilrc/chrome/common/ipc_channel_win.cc, line 332
[Child 5796, Chrome_ChildT[Parent 7284, Gecko_IOThread] WARNING: pipe error: 109: file z:/build/build/src/ipc/chromium/src/chrome/common/ipc_channel_win.cc, line 332
[Child 12460, Chrome_ChildThread] WARNING: pipe error: 109: file z:/build/build/src/ipc/chromium/src/chrome/common/ipc_channel_win.cc, line 332
[Child 12460, Chrome_ChildT1560502827880	Marionette	INFO	Stopped listening on port 64296
[GPU 
###!!! [Child][RunMessage] Error: Channel closing: too late to send/recv, messages will be lost


###!!! [Child][MessageChannel::SendAndWait] Error: Channel error: cannot send/recv

O	Stopped listening on port 64588
JavaScript error: resource://activity-stream/lib/ActivityStreamPrefs.jsm, line 23: NS_ERROR_ILLEGAL_VALUE: Component returned failure code: 0x80070057 (NS_ERROR_ILLEGAL_VALUE) [nsIPrefBranch.removeObserver]
[Parent 5316, Gecko_IOThread] WARNING: pipe error: 109: file z:/build/build/src/ipc/chromium/src/chrome/common/ipc_channel_win.cc, line 332
[Child 16236, Chrome_ChildThread] WARNING: pipe error: 109: file z:/build/build/src/ipc/chromium/src/chrome/common/ipc_channel_win.cc, line 332
[Parent 5316, Gecko_IOThread] WARNING: pipe error: 109: file z:/build/build/src/ipc/chromium/src/chrome/common/ipc_channel_win.cc, line 332
[Child 15864, Chrome_ChildThread] WARNING: pipe error: 109: file z:/build/build/src/ipc/chromium/src/chrome/common/ipc_channel_win.cc, line 332
[Child 15864, Chrome_ChildThread] WARNING: pipe error: 10console.error: (new Error("Connection closed before committing the transaction.", "resource://gre/modules/Sqlite.jsm", 632))
JavaScript error: resource://activity-stream/lib/PlacesFeed.jsm, line 171: NS_ERROR_UNEXPECTED: Component returned failure code: 0x8000ffff (NS_ERROR_UNEXPECTED) [nsINavHistoryService.addObserver]
JavaScript error: resource://gre/modules/AsyncShutdown.jsm, line 683: Error: Phase "profile-before-change" is finished, it is too late to register completion condition "JSON store: writing data"
JavaScript error: resource://gre/modules/Sqlite.jsm, line 841: Error: Connection is not open.
JavaScript error: resource://gre/modules/IndexedDB.jsm, line 349: UnknownError: The operation failed for reasons unrelated to the database itself and not covered by any other error code.
JavaScript error: , line 0: AbortError: A request was aborted, for example through a call to IDBTransaction.abort.
JavaScript error: , line 0: AbortError: A request was aborted, for example through a call to IDBTransaction.abort.
JavaScript error: , line 0: AbortError: A request was aborted, for example through a call to IDBTransaction.abort.
JavaScript error: , line 0: AbortError: A request was aborted, for example through a call to IDBTransaction.abort.
console.error: 
  [Exception... "Component returned failure code: 0x80004005 (NS_ERROR_FAILURE) [nsIAppShellService.hiddenDOMWindow]"  nsresult: "0x80004005 (NS_ERROR_FAILURE)"  location: "JS frame :: resource://activity-stream/lib/DownloadsManager.jsm :: init :: line 44"  data: no]: init@resource://activity-stream/lib/DownloadsManager.jsm:44:5
postInit@resource://activity-stream/lib/HighlightsFeed.jsm:60:5
handler@resource://gre/modules/EventEmitter.jsm:94:11
emit@resource://gre/modules/EventEmitter.jsm:149:11
init@resource://activity-stream/lib/SectionsManager.jsm:119:5

JavaScript error: , line 0: AbortError: A request was aborted, for example through a call to IDBTransaction.abort.
[G
###!!! [Child][MessageChannel::SendAndWait] Error: Channel error: cannot send/recv

1560502860439	mozrunner::runner	INFO	Running command: "C:\\Program Files\\Mozilla Firefox\\firefox.exe" "-marionette" "-foreground" "-no-remote" "-profile" "C:\\Users\\ADMINI~1\\AppData\\Local\\Temp\\rust_mozprofile.HlagaL2LsEaI"
1560502861063	addons.webextension.screenshots@mozilla.org	WARN	Loading extension 'screenshots@mozilla.org': Reading manifest: Invalid host permission: resource://pdf.js/
1560502861063	addons.webextension.screenshots@mozilla.org	WARN	Loading extension 'screenshots@mozilla.org': Reading manifest: Invalid host permission: about:reader*
1560502864283	Marionette	INFO	Listening on port 64797
1560502864771	Marionette	WARN	TLS certificate errors will be ignored for this session
1560502868219	Marionette	INFO	Stopped listening on port 64797
[Parent 16184, Gecko_IOThread] WARNING: pipe error: 109: file z:/build/build/src/ipc/chromium/src/chrome/common/ipc_channel_win.cc, line 332
[Child 13516, Chrome_ChildThread] WARNING: pipe error: 109: file z:/build/build/src/ipc/chromium/src/chrome/common/ipc_channel_win.cc, line 332
[Child 13516, Chrome_ChildThread] WARNIN[Child 15244, Chrome_ChildThread] WARNING: pipe error: 109: file z:/build/build/src/ipc/chromium/src/chrome/common/ipc_channel_win.cc, line 332
[Child 15244, Chr[JavaScript error: resource://gre/modules/ExtensionSettingsStore.jsm, line 103: Error: The ExtensionSettingsStore was accessed before the initialize promise resolved.
[GPU 14264, 
###!!! [Child][MessageChannel::SendAndWait] Error: Channel error: cannot send/recv

1560502961115	mozrunner::runner	INFO	Running command: "C:\\Program Files\\Mozilla Firefox\\firefox.exe" "-marionette" "-foreground" "-no-remote" "-profile" "C:\\Users\\ADMINI~1\\AppData\\Local\\Temp\\rust_mozprofile.jAwwqd4JpgMP"
1560502961745	addons.webextension.screenshots@mozilla.org	WARN	Loading extension 'screenshots@mozilla.org': Reading manifest: Invalid host permission: resource://pdf.js/
1560502961745	addons.webextension.screenshots@mozilla.org	WARN	Loading extension 'screenshots@mozilla.org': Reading manifest: Invalid host permission: about:reader*
1560502965218	Marionette	INFO	Listening on port 65224
1560502965448	Marionette	WARN	TLS certificate errors will be ignored for this session
1560502969392	Marionette	INFO	Stopped listening on port 65224
[Child 15856, Chrome_ChildThread] WARNING: pipe error: 109: file z:/build/build/src/ipc/chromium/src/chrome/common/ipc_channel_win.cc, line 332
[Child 15856, Chrome_ChildThread] WARNING: pipe [Child 15280, Chrome_ChildThread] WARNING: pipe error: 232: file z:/build/build/src/ipc/chromium/src/chrome/common/ipc_channel_win.cc, line 493
[Child 15280,
###!!! [Child][RunMessage] Error: Channel error: cannot send/recv

 Chrome_ChildThread] WARNIN
###!!! [Child][RunMessage] Error: Channel error: cannot send/recv

G: pipe error: 109: fi[Parent 14904, Gecko_IOThread] WARNING: pipe error: 109: file z:/build/build/src/ipc/chromium/src/chrome/common/ipc_channel_win.cc, line 332
[Child 7460, Chrome_ChildThread] WARNING: pipe error: 109: file z:/build/build/src/ipc/chromium/src/chrome/common/ipc_channel_win.cc, line 332
[Child 7460, Ch[GPU 13924, Chrome_ChildThread
###!!! [Child][RunMessage] Error: Channel closing: too late to send/recv, messages will be lost


###!!! [Child][MessageChannel::SendAndWait] Error: Channel error: cannot send/recv

1560503077373	mozrunner::runner	INFO	Running command: "C:\\Program Files\\Mozilla Firefox\\firefox.exe" "-marionette" "-foreground" "-no-remote" "-profile" "C:\\Users\\ADMINI~1\\AppData\\Local\\Temp\\rust_mozprofile.JRT8NjonFfOJ"
1560503078015	addons.webextension.screenshots@mozilla.org	WARN	Loading extension 'screenshots@mozilla.org': Reading manifest: Invalid host permission: resource://pdf.js/
1560503078016	addons.webextension.screenshots@mozilla.org	WARN	Loading extension 'screenshots@mozilla.org': Reading manifest: Invalid host permission: about:reader*
1560503080972	Marionette	INFO	Listening on port 1101
1560503081204	Marionette	WARN	TLS certificate errors will be ignored for this session
1560503089443	Marionette	INFO	Stopped listening on port 1101
[Parent 16164, Gecko_IOThread] WARNING: pipe error: 109: file z:/build/build/src/ipc/chromium/src/chrome/common/ipc_channel_win.cc, line 332
[Parent 16164, Gecko_IOThread] WARNING: pipe error: 109: file z:/build/build/src/ipc/chromium/src/chrome/common/ipc_channel_win.cc, line 332
[Child 13592, Chrome_ChildThread] WARNING: pipe error: 109: file z:/build/build/src/ipc/chromium/src/chrome/common/ipc_channel_win.cc, line 332
[Child 13592, Chrome_ChildThread] WARNI[Parent 16164, Gecko_IOThread] WARNING: pipe error: 109: file z:/build/build/src/ipc/chromium/src/chrome/common/ipc_channel_win.cc, line 332
[Child 6776, Chrome_ChildThread] WARNING: pipe error: 109: file z:/build/build/src/ipc/chromium/src/chrome/common/ipc_channel_win.cc, line 332
[Child 6776, 
###!!! [Child][RunMessage] Error: Channel closing: too late to send/recv, messages will be lost


###!!! [Child][MessageChannel::SendAndWait] Error: Channel error: cannot send/recv

1560503213384	mozrunner::runner	INFO	Running command: "C:\\Program Files\\Mozilla Firefox\\firefox.exe" "-marionette" "-foreground" "-no-remote" "-profile" "C:\\Users\\ADMINI~1\\AppData\\Local\\Temp\\rust_mozprofile.lqzBhS7PGt2A"
1560503214006	addons.webextension.screenshots@mozilla.org	WARN	Loading extension 'screenshots@mozilla.org': Reading manifest: Invalid host permission: resource://pdf.js/
1560503214006	addons.webextension.screenshots@mozilla.org	WARN	Loading extension 'screenshots@mozilla.org': Reading manifest: Invalid host permission: about:reader*
1560503217067	Marionette	INFO	Listening on port 1847
1560503217215	Marionette	WARN	TLS certificate errors will be ignored for this session
1560503220660	Marionette	INFO	Stopped listening on port 1847
JavaScript error: resource://activity-stream/lib/ActivityStreamPrefs.jsm, line 23: NS_ERROR_ILLEGAL_VALUE: Component returned failure code: 0x80070057 (NS_ERROR_ILLEGAL_VALUE) [nsIPrefBranch.removeObserver]
[Parent 5972, Gecko_IOThread] WARNING: pipe error: 109: file z:/build/build/src/ipc/chromium/src/chrome/common/ipc_channel_win.cc, line 332
[Child 16180, Chrome_ChildThread] WARNING: pipe error: 109: file z:/build/build/src/ipc/chromium/src/chrome/common/ipc_channel_win.cc, line 332
[Child 16180, Cconsole.error: 
  [Exception... "Component returned failure code: 0x80004005 (NS_ERROR_FAILURE) [nsIAppShellService.hiddenDOMWindow]"  nsresult: "0x80004005 (NS_ERROR_FAILURE)"  location: "JS frame :: resource://activity-stream/lib/DownloadsManager.jsm :: init :: line 44"  data: no]: init@resource://activity-stream/lib/DownloadsManager.jsm:44:5
postInit@resource://activity-stream/lib/HighlightsFeed.jsm:60:5
handler@resource://gre/modules/EventEmitter.jsm:94:11
emit@resource://gre/modules/EventEmitter.jsm:149:11
init@resource://activity-stream/lib/SectionsManager.jsm:119:5

[Parent 5972, Gecko_IOThread] WARNING: pipe error: 109: file z:/build/build/src/ipc/chromium/src/chrome/common/ipc_channel_win.cc, line 332
[Child 14368, Chrome_ChildThread] WARNING: pipe error: 109: file z:/build/build/src/ipc/chromium/src/chrome/common/ipc_channel_win.cc, line 332
[Child 14368, Chrome_ChiJavaScript error: resource://gre/modules/ExtensionSettingsStore.jsm, line 103: Error: The ExtensionSettingsStore was accessed before the initialize promise resolved.
[GPU 1583
###!!! [Child][MessageChannel::SendAndWait] Error: Channel error: cannot send/recv

1560503646713	mozrunner::runner	INFO	Running command: "C:\\Program Files\\Mozilla Firefox\\firefox.exe" "-marionette" "-foreground" "-no-remote" "-profile" "C:\\Users\\ADMINI~1\\AppData\\Local\\Temp\\rust_mozprofile.ZXrHVaCBHdVp"
1560503647375	addons.webextension.screenshots@mozilla.org	WARN	Loading extension 'screenshots@mozilla.org': Reading manifest: Invalid host permission: resource://pdf.js/
1560503647375	addons.webextension.screenshots@mozilla.org	WARN	Loading extension 'screenshots@mozilla.org': Reading manifest: Invalid host permission: about:reader*
1560503650368	Marionette	INFO	Listening on port 3164
1560503650549	Marionette	WARN	TLS certificate errors will be ignored for this session
1560503654329	Marionette	WARN	TimedPromise timed out after 500 ms: stacktrace:
bail@chrome://marionette/content/sync.js:196:64
[Parent 15912, Gecko_IOThread] WARNING: pipe error: 109: file z:/build/build/src/ipc/chromium/src/chrome/common/ipc_channel_win.cc, line 332
[Parent 15912, Gecko_IOThread] WARNING: pipe error: 109: file z:/build/build/src/ipc/chromium/src/chrome/common/ipc_channel_win.cc, line 332
[Child 5056, Chrome_ChildThread] WARNING: pipe error: 109: file z:/build/build/src/ipc/chromium/src/chrome/common/ipc_channel_win.cc, line 332
[Child 5056, Chrome_ChildThread] WARNING: pipe error: 109: file z[Child 13996, Chrome_ChildThread] WARNING: pipe error: 109: file z:/build/build/src/ipc/chromium/src/chrome/common/ipc_channel_win.cc, line 332
[Child 13996, Chrome_ChildThread] WARNING: pipe error: 109: file z:/build/build/src/ipc/chromium/src/chrome/common/ipc_channel_win.cc, line 332
[Parent 15912, Gecko_IOThread] WARNING: pipe error: 109: file z:/build/build/src/ipc/chromium/src/chrome/common/ipc_channel_win.cc, line 332
[Child 14680,1560503840645	Marionette	INFO	Stopped listening on port 3164
[GPU 14540, Chrom
###!!! [Child][RunMessage] Error: Channel closing: too late to send/recv, messages will be lost


###!!! [Child][MessageChannel::SendAndWait] Error: Channel error: cannot send/recv

pc/chromium/src/chrome/common/ipc_channel_win.cc, line 332
[Child 15976, [Child 16080, Chrome_ChildThread] WARNING: pipe error: 109: file z:/build/build/src/ipc/chromium/src/chrome/common/ipc_channel_win.cc, line 332
[Child 16080, Chrome_ChildThread] WARNING: pipe error: 109: file z:/build/build/src/ipc/chromium/src/chrome/common/ipc_channel_win.cc, line 332
[Parent 12660, Gecko_IOThread] WARNING: pipe error: 109: file z:/build/build/src/ipc/chromium/src/chrome/common/ipc_channel_win.cc, line 332
[Child 12460, Chrome_ChildThread] WARNING: pipe error: 109: file z:/build/build/src/ipc/chromium/src/chrome/common/ipc_channel_win.cc, line 332
[Child 12460, Chrome_ChildThread] WARNING: pipe error: 109: fil1560503841069	Marionette	INFO	Stopped listening on port 3484

###!!! [Child][RunMessage] Error: Channel closing: too late to send/recv, messages will be lost

[GPU 8492, Chrome_ChildThread] WARN
###!!! [Child][MessageChannel::SendAndWait] Error: Channel error: cannot send/recv

ent 2484, Gecko_IOThread] WARNING: pipe error: 109: file z:/build/build/src/ipc/chromium/src/chrome/common/ipc_channel_win.cc, line 332
1560503841021	Marionette	INFO	Stopped listening on port 3635

###!!! [Child][RunMessage] Error: Channel closing: too late to send/recv, messages will be lost

[
###!!! [Child][MessageChannel::SendAndWait] Error: Channel error: cannot send/recv

1560503854861	mozrunner::runner	INFO	Running command: "C:\\Program Files\\Mozilla Firefox\\firefox.exe" "-marionette" "-foreground" "-no-remote" "-profile" "C:\\Users\\ADMINI~1\\AppData\\Local\\Temp\\rust_mozprofile.iXecXKguMTMM"
1560503855481	addons.webextension.screenshots@mozilla.org	WARN	Loading extension 'screenshots@mozilla.org': Reading manifest: Invalid host permission: resource://pdf.js/
1560503855481	addons.webextension.screenshots@mozilla.org	WARN	Loading extension 'screenshots@mozilla.org': Reading manifest: Invalid host permission: about:reader*
1560503858546	Marionette	INFO	Listening on port 3776
1560503858692	Marionette	WARN	TLS certificate errors will be ignored for this session
console.error: BroadcastService: 
  receivedBroadcastMessage: handler for
  remote-settings/monitor_changes
  threw error:
  Message: Error: Polling for changes failed: NetworkError when attempting to fetch resource..
  Stack:
    remoteSettingsFunction/remoteSettings.pollChanges@resource://services-settings/remote-settings.js:188:13

[Parent 17324, Gecko_IOThread] WARNING: pipe error: 109: file z:/build/build/src/ipc/chromium/src/chrome/common/ipc_channel_win.cc, line 332
[Child 17292, Chrome_ChildThread] WARNING: pipe error: 109: file z:/build/build/src/ipc/chromium/src/chrome/common/ipc_channel_win.cc, line 332
[Child 17292, Chrome_ChildThread] WARNING: pipe[Child 12524, Chrome_ChildThread] WARNING: pipe error: 109: file z:/build/build/src/ipc/chromium/src/chrome/common/ipc_channel_win.cc, line 332
[Child 125[Child 17160, Chrome_ChildThread] WARNING: pipe error: 109: file z:/build/build/src/ipc/chromium/src/chrome/common/ipc_channel_win.cc, line 332
[Child 17160, Chrome_ChildThread] WARNING: p1560504255876	Marionette	INFO	Stopped listening on port 3776

###!!! [Child][RunMessage] Error: Channel closing: too late to send/recv, messages will be lost

[GPU 2400, Chrom
###!!! [Child][MessageChannel::SendAndWait] Error: Channel error: cannot send/recv

build/build/src/ipc/chromium/src/chrome/common/ipc_channel_win.cc, line 332
[Child 17268, Chrome_ChildThread] WARNING: pipe error: 109: file z:/build/build/src/ipc/chromium/src/chrome/common/ipc_channel_win.cc, line 332
[Child 17268, 1560504253680	Marionette	INFO	Stopped listening on port 4532
[GPU 15328, Ch
###!!! [Child][RunMessage] Error: Channel closing: too late to send/recv, messages will be lost

r
###!!! [Child][MessageChannel::SendAndWait] Error: Channel error: cannot send/recv

1560504260109	mozrunner::runner	INFO	Running command: "C:\\Program Files\\Mozilla Firefox\\firefox.exe" "-marionette" "-foreground" "-no-remote" "-profile" "C:\\Users\\ADMINI~1\\AppData\\Local\\Temp\\rust_mozprofile.Ej3fHlgcvsCH"
1560504260721	addons.webextension.screenshots@mozilla.org	WARN	Loading extension 'screenshots@mozilla.org': Reading manifest: Invalid host permission: resource://pdf.js/
1560504260721	addons.webextension.screenshots@mozilla.org	WARN	Loading extension 'screenshots@mozilla.org': Reading manifest: Invalid host permission: about:reader*
1560504263623	Marionette	INFO	Listening on port 4710
1560504263942	Marionette	WARN	TLS certificate errors will be ignored for this session
[Child 94[Parent 10556, Gecko_IOThread] WARNING: pipe error: 109: file z:/build/build/src/ipc/chromium/src/chrome/common/ipc_channel_win.cc, line 332
[Child 15204, Chrome_ChildThread] WARNING: pipe error: 109: file z:/build/build/src/ipc/chromium/src/chrome/common/ipc_channel_win.cc, line 332
[Child 15204, Chrome_ChildThread] WARNING: [Child 9976, Chrome_ChildThread] WARNING: pipe error: 109: file z:/build/build/src/ipc/chromium/src/chrome/common/ipc_channel_win.cc, line 332
[Child 9976, C1560504274170	Marionette	INFO	Stopped listening on port 4710

###!!! [Child][RunMessage] Error: Channel closing: too late to send/recv, messages will be lost

[
###!!! [Child][MessageChannel::SendAndWait] Error: Channel error: cannot send/recv

1560504278133	mozrunner::runner	INFO	Running command: "C:\\Program Files\\Mozilla Firefox\\firefox.exe" "-marionette" "-foreground" "-no-remote" "-profile" "C:\\Users\\ADMINI~1\\AppData\\Local\\Temp\\rust_mozprofile.jSjqug8J7IQu"
1560504278742	addons.webextension.screenshots@mozilla.org	WARN	Loading extension 'screenshots@mozilla.org': Reading manifest: Invalid host permission: resource://pdf.js/
1560504278742	addons.webextension.screenshots@mozilla.org	WARN	Loading extension 'screenshots@mozilla.org': Reading manifest: Invalid host permission: about:reader*
1560504281814	Marionette	INFO	Listening on port 4833
1560504281966	Marionette	WARN	TLS certificate errors will be ignored for this session
[Parent 14392, Gecko_IOThread] WARNING: pipe error: 109: file z:/build/build/src/ipc/chromium/src/chrome/common/ipc_channel_win.cc, line 332
[Child 16072, Chrome_ChildThread] WARNING: pipe error: 109: file z:/build/build/src/ipc/chromium/src/chrome/common/ipc_channel_win.cc, line 332
[Child 16072, Chrome_[Parent 14392, Gecko_IOThread] WARNING: pipe error: 109: file z:/build/build/src/ipc/chromium/src/chrome/common/ipc_channel_win.cc, line 332
[Parent 14392, Gecko_IOThread] WARNING: file z:/build/build/src/ipc/chromium/src/base/process_util_win.cc, line 166
[Child 16740, Chrome_ChildThread] WARNING: pipe error: 109: file z:/build/build/src/ipc/chromium/src/chrome/common/ipc_channel_win.cc, line 332
[Child 16740,[Parent 14392, Gecko_IOThread] WARNING: pipe error: 109: file z:/build/build/src/ipc/chromium/src/chrome/common/ipc_channel_win.cc, line 332
[Child 16696, Ch[Parent 12972, Gecko_IOThread] WARNING: pipe error: 109: file z:/build/build/src/ipc/chromium/src/chrome/common/ipc_channel_win.cc, line 332
[1560504326079	Marionette	INFO	Stopped listening on port 4833
[GPU 15660, Chrom
###!!! [Child][RunMessage] Error: Channel closing: too late to send/recv, messages w1560504326114	Marionette	INFO	Stopped listening on port 4962
[GPU 13576, Chr
###!!! [Child][RunMessage] Error: Channel closing: too late to send/recv, messages will be lost


###!!! [Child][MessageChannel::SendAndWait] Error: Channel error: cannot send/recv

1560504329766	mozrunner::runner	INFO	Running command: "C:\\Program Files\\Mozilla Firefox\\firefox.exe" "-marionette" "-foreground" "-no-remote" "-profile" "C:\\Users\\ADMINI~1\\AppData\\Local\\Temp\\rust_mozprofile.gjcyNVxWcBvN"
1560504330384	addons.webextension.screenshots@mozilla.org	WARN	Loading extension 'screenshots@mozilla.org': Reading manifest: Invalid host permission: resource://pdf.js/
1560504330384	addons.webextension.screenshots@mozilla.org	WARN	Loading extension 'screenshots@mozilla.org': Reading manifest: Invalid host permission: about:reader*
1560504333470	Marionette	INFO	Listening on port 5116
1560504333594	Marionette	WARN	TLS certificate errors will be ignored for this session
[Parent 15156, Gecko_IOThread] WARNING: pipe error: 109: file z:/build/build/src/ipc/chromium/src/chrome/common/ipc_channel_win.cc, line 332
[Child 13712, Chrome_ChildThread] WARNING: pipe error: 109: file z:/build/build/src/ipc/chromium/src/chrome/common/ipc_channel_win.cc, line 332
[Child 13712, Chrome_Chil[Parent 15156, Gecko_IOThread] WARNING: pipe error: 109: file z:/build/build/src/ipc/chromium/src/chrome/common/ipc_channel_win.cc, line 332
[Child 15948, Chrome_ChildThread] WARNING: pipe error: 109: file z:/build/build
###!!! [Parent][MessageChannel] Error: (msgtype=0x1E0097,name=PBrowser::Msg_UpdateNativeWindowHandle) Closed channel: cannot send/recv


###!!! [Parent][MessageChannel] Error: (msgtype=0x1E0086,name=PBrowser::Msg_Destroy) Closed channel: cannot send/recv

/src/ipc/chromium/src/chrome/common/ipc_channel_win.cc, line 332
[Child 15948, Chrome_ChildThread] WARNING: pipe error: 109: file z:/build/build/src/ipc/chromium/src/chrome/common/ipc_channel_win.cc, line 332

###!!! [Child][MessageChannel] Error: (msgtype=0x1E0001,name=PBrowser::Msg_AsyncMessage) Closed channel: cannot send/recv

JavaScript error: resource:///actors/AboutReaderChild.jsm, line 80: NS_ERROR_UNEXPECTED: 

###!!! [Child][MessageChannel] Error: (msgtype=0x1E002C,name=PBrowser::Msg_SetInputContext) Closed channel: cannot send/recv

[Parent 15156, Gecko_IOThread] WARNING: pipe error: 109: file z:/build/build/src/ipc/chromium/src/chrome/common/ipc_channel_win.cc, line 332
[Child 16016, Chrome_ChildThread] WARNING
###!!! [Child][MessageChannel] Error: (msgtype=0x350110,name=PContent::Msg_DetachBrowsingContext) Closed channel: cannot send/recv

: pipe error: 109: file z:/build/build/src/ipc/chromium/src/chrome/common/ipc_channel_win.cc, line 332
[Child 16016, Chrome_C1560740282892	mozrunner::runner	INFO	Running command: "C:\\Program Files\\Mozilla Firefox\\firefox.exe" "-marionette" "-foreground" "-no-remote" "-profile" "C:\\Users\\ADMINI~1\\AppData\\Local\\Temp\\rust_mozprofile.NTC6f2X4X7aL"
1560740284899	addons.webextension.screenshots@mozilla.org	WARN	Loading extension 'screenshots@mozilla.org': Reading manifest: Invalid host permission: resource://pdf.js/
1560740284899	addons.webextension.screenshots@mozilla.org	WARN	Loading extension 'screenshots@mozilla.org': Reading manifest: Invalid host permission: about:reader*
1560740289780	Marionette	INFO	Listening on port 54435
1560740290141	Marionette	WARN	TLS certificate errors will be ignored for this session
[Parent 13056, Gecko_IOThread] WARNING: pipe error: 109: file z:/build/build/src/ipc/chromium/src/chrome/common/ipc_channel_win.cc, line 332
[Parent 13056, Gecko_IOThread] WARNING: pipe error: 109: file z:/build/build/src/ipc/chromium/src/chrome/common/ipc_channel_win.cc, line 332
[Child 13772, Chrome_ChildThread] WARNING: pipe error: 232: file z:/build/build/src/ipc/chromium/src/chrome/common/ipc_channel_win.cc, line 493
[Child 13772, Chrome_ChildThread] WARNING: pipe error: 109: f
###!!! [Child][MessageChannel] Error: (msgtype=0x5F0029,name=PNecko::Msg_RemoveRequestContext) Channel closing: too late to send/recv, messages will be lost

ile z:/build/build/src/ipc/chromium/src/chrome/common/ipc_channel_win.cc, line 332
[Child 13772, Chrome_ChildThread] WARNING: pipe error: 109: file z:/build/build/src/ipc/chromium/src/chrome/common/ipc_cha[Parent 13056, Gecko_IOThread] WARNING: pipe error: 109: file z:/build/build/src/ipc/chromium/src/chrome/common/ipc_channel_win.cc, line 332
[Child 13116, Chrome_ChildThread] WARNING: pipe error: 109: file z:/build/build/src/ipc/chromium/src/chrome/common/ipc_channel_win.cc, line 332
[Child 13116, Chro1560740311153	Marionette	INFO	Stopped listening on port 54435

###!!! [Child][RunMessage] Error: Channel closing: too late to send/recv, messages will be lost

[GPU 2476, Chro
###!!! [Child][MessageChannel::SendAndWait] Error: Channel error: cannot send/recv

1560740359274	mozrunner::runner	INFO	Running command: "C:\\Program Files\\Mozilla Firefox\\firefox.exe" "-marionette" "-foreground" "-no-remote" "-profile" "C:\\Users\\ADMINI~1\\AppData\\Local\\Temp\\rust_mozprofile.aTwtAwywD4p3"
1560740359900	addons.webextension.screenshots@mozilla.org	WARN	Loading extension 'screenshots@mozilla.org': Reading manifest: Invalid host permission: resource://pdf.js/
1560740359900	addons.webextension.screenshots@mozilla.org	WARN	Loading extension 'screenshots@mozilla.org': Reading manifest: Invalid host permission: about:reader*
1560740363019	Marionette	INFO	Listening on port 54599
1560740363116	Marionette	WARN	TLS certificate errors will be ignored for this session
[Parent 7932, Gecko_IOThread] WARNING: pipe error: 109: file z:/build/build/src/ipc/chromium/src/chrome/common/ipc_channel_win.cc, line 332
[Child 15268, Chrome_ChildThread] WARNING: pipe error: 109: file z:/build/build/src/ipc/chromium/src/chrome/common/ipc_channel_win.cc, line 332
[Child 15268, Chrome_ChildThre[Parent 7932, Gecko_IOThread] WARNING: pipe error: 109: file z:/build/build/src/ipc/chromium/src/chrome/common/ipc_channel_win.cc, line 332
[Parent 7932, Gecko_IOThread] WARNING: file z:/build/build/src/ipc/chromium/src/base/process_util_win.cc, line 166
[Child 14556, Chrome_ChildThread] WARNING: pipe error: 109: file z:/build/build/src/ipc/chromium/src/chrome/common/ipc_channel_win.cc, line 332
[Child 14556, Chr[Parent 7932, Gecko_IOThread] WARNING: pipe error: 109: file z:/build/build/src/ipc/chromium/src/chrome/common/ipc_channel_win.cc, line 332
[Child 13936, Chrome_ChildThread] WARNING: pipe error: 109: file z:/build/build/src/ipc/chromium/src/chrome/common/ipc_channel_win.cc, line 332
[Child 13936, Chrome1560740379140	Marionette	INFO	Stopped listening on port 54599
[GPU 15048, Chrome_
###!!! [Child][MessageChannel::SendAndWait] Error: Channel error: cannot send/recv

1560740382967	mozrunner::runner	INFO	Running command: "C:\\Program Files\\Mozilla Firefox\\firefox.exe" "-marionette" "-foreground" "-no-remote" "-profile" "C:\\Users\\ADMINI~1\\AppData\\Local\\Temp\\rust_mozprofile.sJQ6YqijUHl0"
1560740383592	addons.webextension.screenshots@mozilla.org	WARN	Loading extension 'screenshots@mozilla.org': Reading manifest: Invalid host permission: resource://pdf.js/
1560740383592	addons.webextension.screenshots@mozilla.org	WARN	Loading extension 'screenshots@mozilla.org': Reading manifest: Invalid host permission: about:reader*
1560740386866	Marionette	INFO	Listening on port 54705
1560740387331	Marionette	WARN	TLS certificate errors will be ignored for this session
[Parent 7592, Gecko_IOThread] WARNING: pipe error: 109: file z:/build/build/src/ipc/chromium/src/chrome/common/ipc_channel_win.cc, line 332
[Parent 7592, Gecko_IOThread] WARNING: pipe error: 109: file z:/build/build/src/ipc/chromium/src/chrome/common/ipc_channel_win.cc, line 332
[Child 13912, Chrome_ChildThread] WARNING: pipe error: 109: file z:/build/build/src/ipc/chromium/src/chrome/common/ipc_channel_win.cc, line 332
[Child 13912, Chrome_ChildT1560740490492	Marionette	INFO	Stopped listening on port 54705
[GPU 15284, Chrome_ChildThread] WARNI
###!!! [Child][RunMessage] Error: Channel closing: too late to send/recv, messages will be lost


###!!! [Child][MessageChannel::SendAndWait] Error: Channel error: cannot send/recv

1560740494710	mozrunner::runner	INFO	Running command: "C:\\Program Files\\Mozilla Firefox\\firefox.exe" "-marionette" "-foreground" "-no-remote" "-profile" "C:\\Users\\ADMINI~1\\AppData\\Local\\Temp\\rust_mozprofile.ydlHRUcfAdip"
1560740495336	addons.webextension.screenshots@mozilla.org	WARN	Loading extension 'screenshots@mozilla.org': Reading manifest: Invalid host permission: resource://pdf.js/
1560740495337	addons.webextension.screenshots@mozilla.org	WARN	Loading extension 'screenshots@mozilla.org': Reading manifest: Invalid host permission: about:reader*
1560740498437	Marionette	INFO	Listening on port 54870
1560740498687	Marionette	WARN	TLS certificate errors will be ignored for this session
JavaScript error: resource://devtools/shared/protocol.js, line 1317: Error: Connection closed, pending request to server1.conn0.child1/domnode187, type setNodeValue failed

Request stack:
request@resource://devtools/shared/protocol.js:1384:14
generateRequestMethods/</frontProto[name]@resource://devtools/shared/protocol.js:1545:14
done/</</<@resource://devtools/client/inspector/markup/views/text-editor.js:50:13
do@resource://devtools/client/shared/undo.js:72:11
endBatch@resource://devtools/client/shared/undo.js:83:5
do@resource://devtools/client/shared/undo.js:96:5
done/</<@resource://devtools/client/inspector/markup/views/text-editor.js:49:11
process@resource://gre/modules/Promise-backend.js:928:23
walkerLoop@resource://gre/modules/Promise-backend.js:812:29
scheduleWalkerLoop/<@resource://gre/modules/Promise-backend.js:748:11

[Parent 13824, Gecko_IOThread] WARNING: pipe error: 109: file z:/build/build/src/ipc/chromium/src/chrome/common/ipc_channel_win.cc, line 332
[Child 9860, Chrome_ChildThread] WARNING: pipe error: 109: file z:/build/build/src/ipc/chromium/src/chrome/common/ipc_chann[Child 1768,e Chl_win.ccrom,e_C hilldThireand] eWAR NIN3G: 3pip2e e
rror: 109: file [Child 9860z,:/build/build/src/ipc/chromium/src/chrome/common/ipc_channel_win.cc, line 332
[Child 1768, Chrome_Child[Parent 13824, Gecko_IOThread] WARNING: pipe error: 109: file z:/build/build/src/ipc/chromium/src/chrome/common/ipc_channel_win.cc, line 332
[Child 14268, Chrome_ChildThread] WARNING: pipe error: 109: file z:/build/build/src/ipc/chromium/src/chrome/common/ipc_channel_win.cc, line 332
[Child 14268, Chrome1560740559497	Marionette	INFO	Stopped listening on port 54870
[GP
###!!! [Child][MessageChannel::SendAndWait] Error: Channel error: cannot send/recv

1560740563516	mozrunner::runner	INFO	Running command: "C:\\Program Files\\Mozilla Firefox\\firefox.exe" "-marionette" "-foreground" "-no-remote" "-profile" "C:\\Users\\ADMINI~1\\AppData\\Local\\Temp\\rust_mozprofile.Pp3BgXfyYgRp"
1560740564141	addons.webextension.screenshots@mozilla.org	WARN	Loading extension 'screenshots@mozilla.org': Reading manifest: Invalid host permission: resource://pdf.js/
1560740564141	addons.webextension.screenshots@mozilla.org	WARN	Loading extension 'screenshots@mozilla.org': Reading manifest: Invalid host permission: about:reader*
1560740567185	Marionette	INFO	Listening on port 54989
1560740567346	Marionette	WARN	TLS certificate errors will be ignored for this session
console.error: BroadcastService: 
  receivedBroadcastMessage: handler for
  remote-settings/monitor_changes
  threw error:
  Message: Error: Polling for changes failed: NetworkError when attempting to fetch resource..
  Stack:
    remoteSettingsFunction/remoteSettings.pollChanges@resource://services-settings/remote-settings.js:188:13

[Parent 15224, Gecko_IOThread] WARNING: pipe error: 109: file z:/build/build/src/ipc/chromium/src/chrome/common/ipc_channel_win.cc, line 332
[Child 14432, Chrome_ChildThread] WARNING: pipe error: 232: file z:/build/build/src/ipc/chromium/src/chrome/c[Choimmon/ipc_channel_win.cc, line 493ld 13184, Ch
rome_[Child ChildThread1] W4ARNING: 4pipe err3or: 109:2 file z:,/build /build/sCrc/ipc/chhromium/rsrc/chroome/common/impc_echa_nneCl_whin.cc, linie 332l
dThread] WARNING: pipe error: [109: file z:/build/build/src/ipc/chromium/src/chrome/common/ipc_channel_win.cc, line 332
[Child 14432, Chrome_Chi[Parent 15224, Gecko_IOThread] WARNING: pipe error: 109: file z:/build/build/src/ipc/chromium/src/chrome/common/ipc_channel_win.cc, line 332
[Child 14920, Chrome_ChildThread] WARNING: pipe error: 109: file z:/build/build/src/ipc/chromium/src/chrome/common/ipc_channel_win.cc, line 332
[Child 14920, Chrome_Ch1560741290278	Marionette	INFO	Stopped listening on port 54989

###!!! [Child][RunMessage] Error: Channel closing: too late to send/recv, messages will be lost

[GP
###!!! [Child][MessageChannel::SendAndWait] Error: Channel error: cannot send/recv

1560741318018	mozrunner::runner	INFO	Running command: "C:\\Program Files\\Mozilla Firefox\\firefox.exe" "-marionette" "-foreground" "-no-remote" "-profile" "C:\\Users\\ADMINI~1\\AppData\\Local\\Temp\\rust_mozprofile.2Hgr7gekiQ6N"
1560741318651	addons.webextension.screenshots@mozilla.org	WARN	Loading extension 'screenshots@mozilla.org': Reading manifest: Invalid host permission: resource://pdf.js/
1560741318651	addons.webextension.screenshots@mozilla.org	WARN	Loading extension 'screenshots@mozilla.org': Reading manifest: Invalid host permission: about:reader*
1560741321664	Marionette	INFO	Listening on port 55767
1560741321851	Marionette	WARN	TLS certificate errors will be ignored for this session
1560741335171	Marionette	INFO	Stopped listening on port 55767
[Parent 14556, Gecko_IOThread] WARNING: pipe error: 109: file z:/build/build/src/ipc/chromium/src/chrome/common/ipc_channel_win.cc, line 332
[Child 240, Chrome_ChildThread] WARNING: pipe error: 109: file z:/build/build/src/ipc/chromium/src/chrome/common/ipc_channel_win.cc, line 332
[Child 13[Child 240, Chrom256, Chrome_ChildThread] WARNING: pipe error: 232: file z:/build/build/src/ipc/chromium/src/chrome/common/ipc_channel_win.cc, line 493
[Child 13256, Chrome_ChildThread] WARNING: pipe error: 109: file z:/build/build/src/ipc/chromium/src/chrome/common/ipc_channel_win.cc, line 332
[Child 13256, Chrome_ChildThread]
###!!! [Child][RunMessage] Error: Channel closing: too late to send/recv, messages will be lost

[GPU 14268, Chrome_ChildThread
###!!! [Child][MessageChannel::SendAndWait] Error: Channel error: cannot send/recv

1560742072843	mozrunner::runner	INFO	Running command: "C:\\Program Files\\Mozilla Firefox\\firefox.exe" "-marionette" "-foreground" "-no-remote" "-profile" "C:\\Users\\ADMINI~1\\AppData\\Local\\Temp\\rust_mozprofile.O0bM4YlN9sVU"
1560742073492	addons.webextension.screenshots@mozilla.org	WARN	Loading extension 'screenshots@mozilla.org': Reading manifest: Invalid host permission: resource://pdf.js/
1560742073492	addons.webextension.screenshots@mozilla.org	WARN	Loading extension 'screenshots@mozilla.org': Reading manifest: Invalid host permission: about:reader*
1560742076657	Marionette	INFO	Listening on port 56468
1560742076759	Marionette	WARN	TLS certificate errors will be ignored for this session
[Parent 13956, Gecko_IOThread] WARNING: pipe error: 109: file z:/build/build/src/ipc/chromium/src/chrome/common/ipc_channel_win.cc, line 332
[Parent 13956, Gecko_IOThread] WARNING: pipe error: 109: file z:/build/build/src/ipc/chromium/src/chrome/common/ipc_channel_win.cc, line 332
[Child 13652, Chrome_ChildThread] WARNING: pipe error: 109: file z:/build/build/src/ipc/chromium/src/chrome/common/ipc_channel_win.cc, line 332
[Child 13652, [Parent 13956, Gecko_IOThread] WARNING: pipe error: 109: file z:/build/build/src/ipc/chromium/src/chrome/common/ipc_channel_win.cc, line 332
[Child 12260, Chrome_ChildThread] WARNING: pipe error: 109: file z:/build/build/src/ipc/chromium/src/chrome/common/ipc_channel_win.cc, line 332
[Child 12260, C1560742111240	Marionette	INFO	Stopped listening on port 56468
[GPU 9772, Chrome_Child
###!!! [Child][MessageChannel::SendAndWait] Error: Channel error: cannot send/recv

1560742128287	mozrunner::runner	INFO	Running command: "C:\\Program Files\\Mozilla Firefox\\firefox.exe" "-marionette" "-foreground" "-no-remote" "-profile" "C:\\Users\\ADMINI~1\\AppData\\Local\\Temp\\rust_mozprofile.YpFRRrB2VICa"
1560742128928	addons.webextension.screenshots@mozilla.org	WARN	Loading extension 'screenshots@mozilla.org': Reading manifest: Invalid host permission: resource://pdf.js/
1560742128928	addons.webextension.screenshots@mozilla.org	WARN	Loading extension 'screenshots@mozilla.org': Reading manifest: Invalid host permission: about:reader*
1560742131963	Marionette	INFO	Listening on port 56582
1560742132128	Marionette	WARN	TLS certificate errors will be ignored for this session
1560742167052	mozrunner::runner	INFO	Running command: "C:\\Program Files\\Mozilla Firefox\\firefox.exe" "-marionette" "-foreground" "-no-remote" "-profile" "C:\\Users\\ADMINI~1\\AppData\\Local\\Temp\\rust_mozprofile.8lwBsX5e02Z4"
1560742167710	addons.webextension.screenshots@mozilla.org	WARN	Loading extension 'screenshots@mozilla.org': Reading manifest: Invalid host permission: resource://pdf.js/
1560742167711	addons.webextension.screenshots@mozilla.org	WARN	Loading extension 'screenshots@mozilla.org': Reading manifest: Invalid host permission: about:reader*
1560742170727	Marionette	INFO	Listening on port 56686
1560742170890	Marionette	WARN	TLS certificate errors will be ignored for this session
1560742197491	mozrunner::runner	INFO	Running command: "C:\\Program Files\\Mozilla Firefox\\firefox.exe" "-marionette" "-foreground" "-no-remote" "-profile" "C:\\Users\\ADMINI~1\\AppData\\Local\\Temp\\rust_mozprofile.9Znty7eBakVk"
1560742198154	addons.webextension.screenshots@mozilla.org	WARN	Loading extension 'screenshots@mozilla.org': Reading manifest: Invalid host permission: resource://pdf.js/
1560742198154	addons.webextension.screenshots@mozilla.org	WARN	Loading extension 'screenshots@mozilla.org': Reading manifest: Invalid host permission: about:reader*
1560742201220	Marionette	INFO	Listening on port 56781
1560742201323	Marionette	WARN	TLS certificate errors will be ignored for this session
[Parent 7824, Gecko_IOThread] WARNING: pipe error: 109: file z:/build/build/src/ipc/chromium/src/chrome/common/ipc_channel_win.cc, line 332
[Parent 7824, Gecko_IOThread] WARNING: pipe error: 109: file z:/build/build/src/ipc/chromium/src/chrome/common/ipc_channel_win.cc, line 332

###!!! [Child][RunMessage] Error: Channel closing: too late to send/recv, messages will be lost

[Child 15356, Chrome_ChildThread] WARNING: pipe error: 109: file z:/build/build/src/ipc/chromium/src/chrome/common/ipc_channel_win.cc, line 332
[Child 1[Child 10560, Chrome_ChildThread] WARNING: pipe error: 109: file z:/build/build/src/ipc/chromium/src/chrome/common/ipc_channel_win.cc, line 332
[Child 10560, Chrome_ChildThread] WARNIN[Parent 7824, Gecko_IOThread] WARNING: pipe error: 109: file z:/build/build/src/ipc/chromium/src/chrome/common/ipc_channel_win.cc, line 332
1560742225701	Marionette	INFO	Stopped listening on port 56781
[GPU 7524, Chrome_Child
###!!! [Child][RunMessage] Error: Channel closing: too late to send/recv, messages will be lost


###!!! [Child][MessageChannel::SendAndWait] Error: Channel error: cannot send/recv

1560742229319	mozrunner::runner	INFO	Running command: "C:\\Program Files\\Mozilla Firefox\\firefox.exe" "-marionette" "-foreground" "-no-remote" "-profile" "C:\\Users\\ADMINI~1\\AppData\\Local\\Temp\\rust_mozprofile.zp3Ev8mo1R4G"
1560742230002	addons.webextension.screenshots@mozilla.org	WARN	Loading extension 'screenshots@mozilla.org': Reading manifest: Invalid host permission: resource://pdf.js/
1560742230002	addons.webextension.screenshots@mozilla.org	WARN	Loading extension 'screenshots@mozilla.org': Reading manifest: Invalid host permission: about:reader*
1560742233010	Marionette	INFO	Listening on port 56887
1560742233151	Marionette	WARN	TLS certificate errors will be ignored for this session
1560742246181	Marionette	INFO	Stopped listening on port 56887
[Parent 15800, Gecko_IOThread] WARNING: pipe error: 109: file z:/build/build/src/ipc/chromium/src/chrome/common/ipc_channel_win.cc, line 332
[Child 13276, Chrome_ChildThread] WARNING: pipe error: 109: file z:/build/build/src/ipc/chromium/src/chrome/common/ipc_channel_win.cc, line 332
[Child 13276, Chrome_ChildThrea[Child 13448, Chrome_ChildThread] WARNING: pipe error: 109: file z:/build/build/src/ipc/chromium/src/chrome/common/ipc_channel_win.cc, line 332
[Child 13448, Chrome_ChildT[Parent 15800, Gecko_IOThread] WARNING: pipe error: 109: file z:/build/build/src/ipc/chromium/src/chrome/common/ipc_channel_win.cc, line 332
[Child 14260, Chrome_ChildThread] WARNING: pipe error: 109: file z:/build/build/src/ipc/chromium/src/chrome/common/ipc_channel_win.cc, line 332
[Child 14260, Chrome_ChildThread] WARNING: pipe error: 109: file z:/build/buil[GPU 13340, Chrome_ChildThr
###!!! [Child][RunMessage] Error: Channel closing: too late to send/recv, messages will be lost

ead] WARNING: pi
###!!! [Child][MessageChannel::SendAndWait] Error: Channel error: cannot send/recv

1560742378580	mozrunner::runner	INFO	Running command: "C:\\Program Files\\Mozilla Firefox\\firefox.exe" "-marionette" "-foreground" "-no-remote" "-profile" "C:\\Users\\ADMINI~1\\AppData\\Local\\Temp\\rust_mozprofile.QpgPDk3UrQng"
1560742379220	addons.webextension.screenshots@mozilla.org	WARN	Loading extension 'screenshots@mozilla.org': Reading manifest: Invalid host permission: resource://pdf.js/
1560742379220	addons.webextension.screenshots@mozilla.org	WARN	Loading extension 'screenshots@mozilla.org': Reading manifest: Invalid host permission: about:reader*
1560742382591	Marionette	INFO	Listening on port 57032
1560742382916	Marionette	WARN	TLS certificate errors will be ignored for this session
1560742406276	mozrunner::runner	INFO	Running command: "C:\\Program Files\\Mozilla Firefox\\firefox.exe" "-marionette" "-foreground" "-no-remote" "-profile" "C:\\Users\\ADMINI~1\\AppData\\Local\\Temp\\rust_mozprofile.KPdTbfhUwZmv"
1560742406907	addons.webextension.screenshots@mozilla.org	WARN	Loading extension 'screenshots@mozilla.org': Reading manifest: Invalid host permission: resource://pdf.js/
1560742406908	addons.webextension.screenshots@mozilla.org	WARN	Loading extension 'screenshots@mozilla.org': Reading manifest: Invalid host permission: about:reader*
1560742409888	Marionette	INFO	Listening on port 57136
1560742410115	Marionette	WARN	TLS certificate errors will be ignored for this session
JavaScript error: resource://devtools/shared/protocol.js, line 1317: Error: Connection closed, pending request to server1.conn0.child1/domnode177, type setNodeValue failed

Request stack:
request@resource://devtools/shared/protocol.js:1384:14
generateRequestMethods/</frontProto[name]@resource://devtools/shared/protocol.js:1545:14
done/</</<@resource://devtools/client/inspector/markup/views/text-editor.js:50:13
do@resource://devtools/client/shared/undo.js:72:11
endBatch@resource://devtools/client/shared/undo.js:83:5
do@resource://devtools/client/shared/undo.js:96:5
done/</<@resource://devtools/client/inspector/markup/views/text-editor.js:49:11
process@resource://gre/modules/Promise-backend.js:928:23
walkerLoop@resource://gre/modules/Promise-backend.js:812:29
scheduleWalkerLoop/<@resource://gre/modules/Promise-backend.js:748:11

[Child 11180, Chrome_ChildThread] WARNING: pipe error: 109: file z:/build/build/src/ipc/chromium/src/chrome/common/ipc_channel_win.cc, line 332
[Child 11180, Chrome_ChildThread] IPDL protocol error: Handler returned error code!

###!!! [Parent][DispatchAsyncMessage] Error: PLayerTransaction::Msg_ReleaseLayer Processing error: message was deserialized, but the handler returned false (indicating failure)

IPDL protocol error: Handler returned error code!

###!!! [Parent][DispatchAsyncMessage] Error: PLayerTransaction::Msg_ReleaseLayer Processing error: message was deserialized, but the handler returned false (indicating failure)

IPDL protocol error: Handler returned error code!

###!!! [Parent][DispatchAsyncMessage] Error: PLayerTransaction::Msg_ReleaseLayer Processing error: message was deserialized, but the handler returned false (indicating failure)

IPDL protocol error: Handler returned error code!

###!!! [Parent][DispatchAsyncMessage] Error: PLayerTransaction::Msg_ReleaseLayer Processing error: message was deserialized, but the handler returned false (indicating failure)

IPDL protocol error: Handler returned error code!

###!!! [Parent][DispatchAsyncMessage] Error: PLayerTransaction::Msg_ReleaseLayer Processing error: message was deserialized, but the handler returned false (indicating failure)

IPDL protocol error: Handler returned error code!

###!!! [Parent][DispatchAsyncMessage] Error: PLayerTransaction::Msg_ReleaseLayer Processing error: message was deserialized, but the handler returned false (indicating failure)

IPDL protocol error: Handler returned error code!

###!!! [Parent][DispatchAsyncMessage] Error: PLayerTransaction::Msg_ReleaseLayer Processing error: message was deserialized, but the handler returned false (indicating failure)

IPDL protocol error: Handler returned error code!

###!!! [Parent][DispatchAsyncMessage] Error: PLayerTransaction::Msg_ReleaseLayer Processing error: message was deserialized, but the handler returned false (indicating failure)

[Child 15528, Chrome_ChildThread] WARNING: pipe error: 109: file z:/build/build/src/ipc/chromium/src/chrome/common/ipc_channel_win.cc, line 332
[Child 15528, [Parent 13988, Gecko_IOThread] WARNING: pipe error: 109: file z:/build/build/src/ipc/chromium/src/chrome/common/ipc_channel_win.cc, line 332
[Child 15860, Chrome_ChildThread] WARNING: pipe error: 109: file z:/build/build/src/ipc/chromium/src/chrome/common/ipc_channel_win.cc, line 332
[Child 15860, Chrome_Chil1560742584615	Marionette	INFO	Stopped listening on port 57136
[GPU 7436, Chrome_ChildThr
###!!! [Child][RunMessage] Error: Channel closing: too late to send/recv, messages will be lost


###!!! [Child][MessageChannel::SendAndWait] Error: Channel error: cannot send/recv

1560742589164	mozrunner::runner	INFO	Running command: "C:\\Program Files\\Mozilla Firefox\\firefox.exe" "-marionette" "-foreground" "-no-remote" "-profile" "C:\\Users\\ADMINI~1\\AppData\\Local\\Temp\\rust_mozprofile.l8TmNGuVyPND"
1560742589798	addons.webextension.screenshots@mozilla.org	WARN	Loading extension 'screenshots@mozilla.org': Reading manifest: Invalid host permission: resource://pdf.js/
1560742589798	addons.webextension.screenshots@mozilla.org	WARN	Loading extension 'screenshots@mozilla.org': Reading manifest: Invalid host permission: about:reader*
1560742592855	Marionette	INFO	Listening on port 57315
1560742593007	Marionette	WARN	TLS certificate errors will be ignored for this session
[Parent 13772, Gecko_IOThread] WARNING: pipe error: 109: file z:/build/build/src/ipc/chromium/src/chrome/common/ipc_channel_win.cc, line 332
[Child 15572, Chrome_ChildThread] WARNING: pipe error: 232: file z:/build/build/src/ipc/chromium/src/chrome/common/ipc_channel_win.cc, line 493
[Child 15572, Chrome_ChildThread] WARNING: pip[Child 15576, Chrome_ChildThread] WARNING: pipe error: 109e erro:r: 109 file z:/build/build/src/ipc/chromium/sr: file z:/build/bcu/chrome/comild/mon/ipc_channel_win.cc, line 332s
rc/ipc/chromium/[sCrc/chrome/common/ipc_channel_win.cc, line 332
[Parent 13772, Gecko_IOThread] WARNING: file z:/build/build/src/ipc/chromium/src/base/process_util_win.cc, line 166
[Parent 13772, Gecko_IOThread] WARNING: file z:/build/build/src/ipc/chromium/src/base/process_util_win.cc, line 166
[Parent 13772, Gecko_IOThread] WARNING: pipe error: 109: file z:/build/build/src/ipc/chromium/src/chrome/common/ipc_channel_win.cc, line 332
[Child 15636, Chrome_ChildThread] WARNING: pipe error: 109: file z:/build/build/src/ipc/chromium/src/chrome/common/ipc_channel_win.cc, line 332
[Child 15636, Chrome1560742654471	Marionette	INFO	Stopped listening on port 57315
[GPU 10872, Chrome_Chil
###!!! [Child][RunMessage] Error: Channel closing: too late to send/recv, messages will be lost


###!!! [Child][MessageChannel::SendAndWait] Error: Channel error: cannot send/recv

1560742658443	mozrunner::runner	INFO	Running command: "C:\\Program Files\\Mozilla Firefox\\firefox.exe" "-marionette" "-foreground" "-no-remote" "-profile" "C:\\Users\\ADMINI~1\\AppData\\Local\\Temp\\rust_mozprofile.rCm7P49kAvsg"
1560742659096	addons.webextension.screenshots@mozilla.org	WARN	Loading extension 'screenshots@mozilla.org': Reading manifest: Invalid host permission: resource://pdf.js/
1560742659096	addons.webextension.screenshots@mozilla.org	WARN	Loading extension 'screenshots@mozilla.org': Reading manifest: Invalid host permission: about:reader*
1560742662085	Marionette	INFO	Listening on port 57426
1560742662289	Marionette	WARN	TLS certificate errors will be ignored for this session
[Child 14688, Chrome_ChildThread] WARNING: pipe error: 109: file z:/build/build/src/ipc/chromium/src/chrome/common/ipc_channel_win.cc, line 332
[Child 14688, Chrome_ChildThread] WARNING: pipe err[Child 4132, Chrome_ChildThread] WARNING: pipe error: 109: file z:/build/build/src/ipc/chromium/src/chrome/common/ipc_channel_win.cc, line 332
[Child 4132, Chr[Parent 15948, Gecko_IOThread] WARNING: pipe error: 109: file z:/build/build/src/ipc/chromium/src/chrome/common/ipc_channel_win.cc, line 332
[Child 1048, Chrome_ChildThread] WARNING: pipe error: 109: file z:/build/build/src/ipc/chromium/src/chrome/common/ipc_channel_win.cc, line 332
[Child 1048, 1560742703565	Marionette	INFO	Stopped listening on port 57426
[GPU 596
###!!! [Child][MessageChannel::SendAndWait] Error: Channel error: cannot send/recv

1560742707647	mozrunner::runner	INFO	Running command: "C:\\Program Files\\Mozilla Firefox\\firefox.exe" "-marionette" "-foreground" "-no-remote" "-profile" "C:\\Users\\ADMINI~1\\AppData\\Local\\Temp\\rust_mozprofile.GLrkc1PEbeDC"
1560742708287	addons.webextension.screenshots@mozilla.org	WARN	Loading extension 'screenshots@mozilla.org': Reading manifest: Invalid host permission: resource://pdf.js/
1560742708288	addons.webextension.screenshots@mozilla.org	WARN	Loading extension 'screenshots@mozilla.org': Reading manifest: Invalid host permission: about:reader*
1560742711225	Marionette	INFO	Listening on port 57529
1560742711488	Marionette	WARN	TLS certificate errors will be ignored for this session
[Child 16120, Chrome_ChildThread] WARNING: pipe error: 232: file z:/build/build/src/ipc/chromium/src/chrome/common/ipc_channel_w[Child in.cc, lin14424, Chrome_Ce hild493Thre
ad][Child 16 WAR120NING: p, Chipe error:rom 109: file z:/build/build/src/ipc/e_ChildThrechromium/src/chromad] WARe/NIcoNG: pipe errormmon: 109: file z:/build/build/ipc_channel_win.c/sc, line 332
rc/ipc/chromium/src[Child 14424, Ch/chrome/common/ipc_channel_win.cc, line 332
[Child 16120, Chrome_Chil[Parent 13424, Gecko_IOThread] WARNING: pipe error: 109: file z:/build/build/src/ipc/chromium/src/chrome/common/ipc_channel_win.cc, line 332
[Child 9752, Chrome_ChildThread] WARNING: pipe error: 109: file z:/build/build/src/ipc/chromium/src/chrome/common/ipc_channel_win.cc, line 332
[Child 9752, Chrome_Child1560742782553	Marionette	INFO	Stopped listening on port 57529
[GPU 2692, Chrome_ChildThread]
###!!! [Child][RunMessage] Error: Channel closing: too late to send/recv, messages will be lost


###!!! [Child][MessageChannel::SendAndWait] Error: Channel error: cannot send/recv

1560742787475	mozrunner::runner	INFO	Running command: "C:\\Program Files\\Mozilla Firefox\\firefox.exe" "-marionette" "-foreground" "-no-remote" "-profile" "C:\\Users\\ADMINI~1\\AppData\\Local\\Temp\\rust_mozprofile.c9BmAbqOEPeh"
1560742788124	addons.webextension.screenshots@mozilla.org	WARN	Loading extension 'screenshots@mozilla.org': Reading manifest: Invalid host permission: resource://pdf.js/
1560742788124	addons.webextension.screenshots@mozilla.org	WARN	Loading extension 'screenshots@mozilla.org': Reading manifest: Invalid host permission: about:reader*
1560742791192	Marionette	INFO	Listening on port 57640
1560742791311	Marionette	WARN	TLS certificate errors will be ignored for this session
console.error: BroadcastService: 
  receivedBroadcastMessage: handler for
  remote-settings/monitor_changes
  threw error:
  Message: Error: Polling for changes failed: NetworkError when attempting to fetch resource..
  Stack:
    remoteSettingsFunction/remoteSettings.pollChanges@resource://services-settings/remote-settings.js:188:13

[Parent 15916, Gecko_IOThread] WARNING: pipe error: 109: file z:/build/build/src/ipc/chromium/src/chrome/common/ipc_channel_win.cc, line 332
[Child 16232, Chrome_ChildThread] WARNING: pipe error: 109: file z:/build/build/src/ipc/chromium/src/chrome/common/ipc_channel_win.cc,[ line 33Child 13096, Chr2ome_ChildThread] WARNING: pipe 
error: 109: fi[Child 16232le z:/build/build/src/ipc/chromium/src/chrome/common/ipc_channel_win.cc, line 332
[Child 1309[Parent 15916, Gecko_IOThread] WARNING: pipe error: 109: file z:/build/build/src/ipc/chromium/src/chrome/common/ipc_channel_win.cc, line 332
[Child 14512, Chrome_ChildThread] WARNING: pipe error: 109: file z:/build/build/src/ipc/chromium/src/chrome/common/ipc_channel_win.cc, line 332
[Child 14512, Chrome_ChildThr1560743189717	Marionette	INFO	Stopped listening on port 57640

###!!! [Child][RunMessage] Error: Channel closing: too late to send/recv, messages will be lost

[GPU 10368, Chrome_
###!!! [Child][MessageChannel::SendAndWait] Error: Channel error: cannot send/recv

1560743194461	mozrunner::runner	INFO	Running command: "C:\\Program Files\\Mozilla Firefox\\firefox.exe" "-marionette" "-foreground" "-no-remote" "-profile" "C:\\Users\\ADMINI~1\\AppData\\Local\\Temp\\rust_mozprofile.k60oSyrXmpo7"
1560743195096	addons.webextension.screenshots@mozilla.org	WARN	Loading extension 'screenshots@mozilla.org': Reading manifest: Invalid host permission: resource://pdf.js/
1560743195097	addons.webextension.screenshots@mozilla.org	WARN	Loading extension 'screenshots@mozilla.org': Reading manifest: Invalid host permission: about:reader*
1560743198244	Marionette	INFO	Listening on port 57905
1560743198304	Marionette	WARN	TLS certificate errors will be ignored for this session
console.error: BroadcastService: 
  receivedBroadcastMessage: handler for
  remote-settings/monitor_changes
  threw error:
  Message: Error: Polling for changes failed: NetworkError when attempting to fetch resource..
  Stack:
    remoteSettingsFunction/remoteSettings.pollChanges@resource://services-settings/remote-settings.js:188:13

IPDL protocol error: Handler returned error code!

###!!! [Parent][DispatchAsyncMessage] Error: PLayerTransaction::Msg_ReleaseLayer Processing error: message was deserialized, but the handler returned false (indicating failure)

[Parent 14920, Gecko_IOThread] WARNING: pipe error: 109: file z:/build/build/src/ipc/chromium/src/chrome/common/ipc_channel_win.cc, line 332
[Parent 14920, Gecko_IOThread] WARNING: pipe error: 109: file z:/build/build/src/ipc/chromium/src/chrome/common/ipc_channel_win.cc, line 332

###!!! [Child][MessageChannel] Error: (msgtype=0x5F0029,name=PNecko::Msg_RemoveRequestContext) Channel closing: too late to send/recv, messages will be lost

[Child 13704, Chrome_ChildThread] WARNING: pipe error: 109: file z:/build/build/src/ipc/chromium/src/chrome/common/ipc_channel_win.cc, line 332
[Child 13704,[Parent 14920, Gecko_IOThread] WARNING: pipe error: 109: file z:/build/build/src/ipc/chromium/src/chrome/common/ipc_channel_win.cc, line 332
[Child 14296, Chrome_ChildThread] WARNING: pipe error: 109: file z:/build/build/src/ipc/chromium/src/chrome/common/ipc_channel_win.cc, line 332
[Child 14296, Chrome_Ch1560743442814	Marionette	INFO	Stopped listening on port 57905

###!!! [Child][RunMessage] Error: Channel closing: too late to send/recv, messages will be lost

[GPU 14136, Chrome_ChildThread]
###!!! [Child][MessageChannel::SendAndWait] Error: Channel error: cannot send/recv

1560743447052	mozrunner::runner	INFO	Running command: "C:\\Program Files\\Mozilla Firefox\\firefox.exe" "-marionette" "-foreground" "-no-remote" "-profile" "C:\\Users\\ADMINI~1\\AppData\\Local\\Temp\\rust_mozprofile.CeXfykskICnA"
1560743447699	addons.webextension.screenshots@mozilla.org	WARN	Loading extension 'screenshots@mozilla.org': Reading manifest: Invalid host permission: resource://pdf.js/
1560743447699	addons.webextension.screenshots@mozilla.org	WARN	Loading extension 'screenshots@mozilla.org': Reading manifest: Invalid host permission: about:reader*
1560743450586	Marionette	INFO	Listening on port 58185
1560743450890	Marionette	WARN	TLS certificate errors will be ignored for this session
console.error: BroadcastService: 
  receivedBroadcastMessage: handler for
  remote-settings/monitor_changes
  threw error:
  Message: Error: Polling for changes failed: NetworkError when attempting to fetch resource..
  Stack:
    remoteSettingsFunction/remoteSettings.pollChanges@resource://services-settings/remote-settings.js:188:13

[Child 13836, Chrome_ChildThread] WARNING: pipe error: 109: file z:/build/build/src/ipc/chromium/src/chrome/common/ipc_channel_win.cc, line 332
[Child 13836, Chrome_ChildThread] WARNING: pipe error: 109: file z:/build/build/srIPDL protocol error: Handler returned error code!

###!!! [Parent][DispatchAsyncMessage] Error: PLayerTransaction::Msg_ReleaseLayer Processing error: message was deserialized, but the handler returned false (indicating failure)

IPDL protocol error: Handler returned error code!

###!!! [Parent][DispatchAsyncMessage] Error: PLayerTransaction::Msg_ReleaseLayer Processing error: message was deserialized, but the handler returned false (indicating failure)

IPDL protocol error: Handler returned error code!

###!!! [Parent][DispatchAsyncMessage] Error: PLayerTransaction::Msg_ReleaseLayer Processing error: message was deserialized, but the handler returned false (indicating failure)

IPDL protocol error: Handler returned error code!

###!!! [Parent][DispatchAsyncMessage] Error: PLayerTransaction::Msg_ReleaseLayer Processing error: message was deserialized, but the handler returned false (indicating failure)

IPDL protocol error: Handler returned error code!

###!!! [Parent][DispatchAsyncMessage] Error: PLayerTransaction::Msg_ReleaseLayer Processing error: message was deserialized, but the handler returned false (indicating failure)

IPDL protocol error: Handler returned error code!

###!!! [Parent][DispatchAsyncMessage] Error: PLayerTransaction::Msg_ReleaseLayer Processing error: message was deserialized, but the handler returned false (indicating failure)

IPDL protocol error: Handler returned error code!

###!!! [Parent][DispatchAsyncMessage] Error: PLayerTransaction::Msg_ReleaseLayer Processing error: message was deserialized, but the handler returned false (indicating failure)

IPDL protocol error: Handler returned error code!

###!!! [Parent][DispatchAsyncMessage] Error: PLayerTransaction::Msg_ReleaseLayer Processing error: message was deserialized, but the handler returned false (indicating failure)

IPDL protocol error: Handler returned error code!

###!!! [Parent][DispatchAsyncMessage] Error: PLayerTransaction::Msg_ReleaseLayer Processing error: message was deserialized, but the handler returned false (indicating failure)

IPDL protocol error: Handler returned error code!

###!!! [Parent][DispatchAsyncMessage] Error: PLayerTransaction::Msg_ReleaseLayer Processing error: message was deserialized, but the handler returned false (indicating failure)

IPDL protocol error: Handler returned error code!

###!!! [Parent][DispatchAsyncMessage] Error: PLayerTransaction::Msg_ReleaseLayer Processing error: message was deserialized, but the handler returned false (indicating failure)

IPDL protocol error: Handler returned error code!

###!!! [Parent][DispatchAsyncMessage] Error: PLayerTransaction::Msg_ReleaseLayer Processing error: message was deserialized, but the handler returned false (indicating failure)

IPDL protocol error: Handler returned error code!

###!!! [Parent][DispatchAsyncMessage] Error: PLayerTransaction::Msg_ReleaseLayer Processing error: message was deserialized, but the handler returned false (indicating failure)

IPDL protocol error: Handler returned error code!

###!!! [Parent][DispatchAsyncMessage] Error: PLayerTransaction::Msg_ReleaseLayer Processing error: message was deserialized, but the handler returned false (indicating failure)

IPDL protocol error: Handler returned error code!

###!!! [Parent][DispatchAsyncMessage] Error: PLayerTransaction::Msg_ReleaseLayer Processing error: message was deserialized, but the handler returned false (indicating failure)

IPDL protocol error: Handler returned error code!

###!!! [Parent][DispatchAsyncMessage] Error: PLayerTransaction::Msg_ReleaseLayer Processing error: message was deserialized, but the handler returned false (indicating failure)

IPDL protocol error: Handler returned error code!

###!!! [Parent][DispatchAsyncMessage] Error: PLayerTransaction::Msg_ReleaseLayer Processing error: message was deserialized, but the handler returned false (indicating failure)

IPDL protocol error: Handler returned error code!

###!!! [Parent][DispatchAsyncMessage] Error: PLayerTransaction::Msg_ReleaseLayer Processing error: message was deserialized, but the handler returned false (indicating failure)

IPDL protocol error: Handler returned error code!

###!!! [Parent][DispatchAsyncMessage] Error: PLayerTransaction::Msg_ReleaseLayer Processing error: message was deserialized, but the handler returned false (indicating failure)

IPDL protocol error: Handler returned error code!

###!!! [Parent][DispatchAsyncMessage] Error: PLayerTransaction::Msg_ReleaseLayer Processing error: message was deserialized, but the handler returned false (indicating failure)

IPDL protocol error: Handler returned error code!

###!!! [Parent][DispatchAsyncMessage] Error: PLayerTransaction::Msg_ReleaseLayer Processing error: message was deserialized, but the handler returned false (indicating failure)

[Child 16164, Chrome_ChildThread] WARNING: pipe error: 109: file z:/build/build/src/ipc/chromium/src/chrome/common/ipc_channel_win.cc, line 332
[Child 16164,[Parent 12652, Gecko_IOThread] WARNING: pipe error: 109: file z:/build/build/src/ipc/chromium/src/chrome/common/ipc_channel_win.cc, line 332
[Child 11784, Chrome_ChildThread] WARNING: pipe error: 109: file z:/build/build/src/ipc/chromium/src/chrome/common/ipc_channel_win.cc, line 332
[Child 11781560750250461	Marionette	INFO	Stopped listening on port 58185
[GPU 14548, Chrome
###!!! [Child][RunMessage] Error: Channel closing: too late to send/recv, messages will be lost


###!!! [Child][MessageChannel::SendAndWait] Error: Channel error: cannot send/recv

1560750267754	mozrunner::runner	INFO	Running command: "C:\\Program Files\\Mozilla Firefox\\firefox.exe" "-marionette" "-foreground" "-no-remote" "-profile" "C:\\Users\\ADMINI~1\\AppData\\Local\\Temp\\rust_mozprofile.Y3feVqxgWvms"
1560750268397	addons.webextension.screenshots@mozilla.org	WARN	Loading extension 'screenshots@mozilla.org': Reading manifest: Invalid host permission: resource://pdf.js/
1560750268397	addons.webextension.screenshots@mozilla.org	WARN	Loading extension 'screenshots@mozilla.org': Reading manifest: Invalid host permission: about:reader*
1560750271575	Marionette	INFO	Listening on port 60588
1560750271602	Marionette	WARN	TLS certificate errors will be ignored for this session
1560750466322	mozrunner::runner	INFO	Running command: "C:\\Program Files\\Mozilla Firefox\\firefox.exe" "-marionette" "-foreground" "-no-remote" "-profile" "C:\\Users\\ADMINI~1\\AppData\\Local\\Temp\\rust_mozprofile.S1FIaM4L9D7B"
1560750466978	addons.webextension.screenshots@mozilla.org	WARN	Loading extension 'screenshots@mozilla.org': Reading manifest: Invalid host permission: resource://pdf.js/
1560750466978	addons.webextension.screenshots@mozilla.org	WARN	Loading extension 'screenshots@mozilla.org': Reading manifest: Invalid host permission: about:reader*
1560750470209	Marionette	INFO	Listening on port 60760
1560750470663	Marionette	WARN	TLS certificate errors will be ignored for this session
1560750490419	Marionette	INFO	Stopped listening on port 60760
[Child 16140, Chrome_ChildThread] WARNING: pipe error: 109: file z:/build/build/src/ipc/chromium/src/chrome/common/ipc_channel_win.cc, line 332
[Child 16140, Chrome_ChildThread] WARNING: pip[Child 12188, 
###!!! [Child][RunMessage] Error: Channel closing: too late to send/recv, messages will be lost

Chrome_ChildThread] WARNING: pipe error: 109: file z:/build/build/src/ipc/chromium/src/chrome/common/ipc_channel_win.cc, line 332
[Child 12188, Chrome_ChildThread] WARNI[Parent 15024, Gecko_IOThread] WARNING: pipe error: 109: file z:/build/build/src/ipc/chromium/src/chrome/common/ipc_channel_win.cc, line 332
[GPU 1
###!!! [Child][MessageChannel::SendAndWait] Error: Channel error: cannot send/recv

1560750519692	mozrunner::runner	INFO	Running command: "C:\\Program Files\\Mozilla Firefox\\firefox.exe" "-marionette" "-foreground" "-no-remote" "-profile" "C:\\Users\\ADMINI~1\\AppData\\Local\\Temp\\rust_mozprofile.Cc2pF9XLjef5"
1560750520352	addons.webextension.screenshots@mozilla.org	WARN	Loading extension 'screenshots@mozilla.org': Reading manifest: Invalid host permission: resource://pdf.js/
1560750520352	addons.webextension.screenshots@mozilla.org	WARN	Loading extension 'screenshots@mozilla.org': Reading manifest: Invalid host permission: about:reader*
1560750523461	Marionette	INFO	Listening on port 60882
1560750523531	Marionette	WARN	TLS certificate errors will be ignored for this session
1560750539257	Marionette	INFO	Stopped listening on port 60882
[Child 14168, Chrome_ChildThread] WARNING: pipe error: 109: file z:/build/build/src/ipc/chromium/src/chrome/common/ipc_channel_win.cc, line 332
[Child 14168, Chrome_ChildThread] WA
###!!! [Child][MessageChannel] Error: (msgtype=0x5F0029,name=PNecko::Msg_RemoveRequestContext) Channel closing: too late to send/recv, messages will be lost

[Parent 6772, Gecko_IOThread] WARNING: pipe error: 109: file z:/build/build/src/ipc/chromium/src/chrome/common/ipc_channel_win.cc, line 332
[Child 14556, Chrome_ChildThread] WARNING: pipe error: 109: file z:/build/build/src/ipc/chromium/src/chrome/common/ipc_channel_win.cc, line 332
[Child 14556, C[GPU 14300, Chrome
###!!! [Child][RunMessage] Error: Channel closing: too late to send/recv, messages will be lost

_
###!!! [Child][MessageChannel::SendAndWait] Error: Channel error: cannot send/recv

1560750570708	mozrunner::runner	INFO	Running command: "C:\\Program Files\\Mozilla Firefox\\firefox.exe" "-marionette" "-foreground" "-no-remote" "-profile" "C:\\Users\\ADMINI~1\\AppData\\Local\\Temp\\rust_mozprofile.qP3uni3rQPJz"
1560750571344	addons.webextension.screenshots@mozilla.org	WARN	Loading extension 'screenshots@mozilla.org': Reading manifest: Invalid host permission: resource://pdf.js/
1560750571344	addons.webextension.screenshots@mozilla.org	WARN	Loading extension 'screenshots@mozilla.org': Reading manifest: Invalid host permission: about:reader*
1560750574494	Marionette	INFO	Listening on port 60979
1560750574539	Marionette	WARN	TLS certificate errors will be ignored for this session
1560750586883	Marionette	INFO	Stopped listening on port 60979
[Child 11524, Chrome_ChildThread] WARNING: pipe error: 109: file z:/build/build/src/ipc/chromium/src/chrome/common/ipc_channel_win.cc, line 332
[Child 11524, Chrome_ChildThre[Parent 16192, Gecko_IOThread] WARNING: pipe error: 109: file z:/build/build/src/ipc/chromium/src/chrome/common/ipc_channel_win.cc, line 332

###!!! [Child][RunMessage] Error: Channel closing: too late to send/recv, messages will be lost

[Child 5020, Chrome_ChildThread] WARNING: pipe error: 109: file z:/build/build/src/ipc/chromium/src/chrome/common/ipc_channel_win.cc, line 332
[Child 5020, Chrome_Ch[Parent 16192, Gecko_IOThread] WARNING: pipe error: 109: file z:/build/build/src/ipc/chromium/src/chrome/common/ipc_channel_win.cc, line 332
[Child 1484, Chrome_ChildThread] WARNING: pipe error: 109: file z:/build/build/src/ipc/chromium/src/chrome/common/ipc_channel_win.cc, line 332
[Child 1484, Chrome_ChildThread] WARNI
###!!! [Child][RunMessage] Error: Channel closing: too late to send/recv, messages will be lost

[
###!!! [Child][MessageChannel::SendAndWait] Error: Channel error: cannot send/recv

1560750700211	mozrunner::runner	INFO	Running command: "C:\\Program Files\\Mozilla Firefox\\firefox.exe" "-marionette" "-foreground" "-no-remote" "-profile" "C:\\Users\\ADMINI~1\\AppData\\Local\\Temp\\rust_mozprofile.Ov9ZBRDvIqgu"
1560750700851	addons.webextension.screenshots@mozilla.org	WARN	Loading extension 'screenshots@mozilla.org': Reading manifest: Invalid host permission: resource://pdf.js/
1560750700851	addons.webextension.screenshots@mozilla.org	WARN	Loading extension 'screenshots@mozilla.org': Reading manifest: Invalid host permission: about:reader*
1560750704072	Marionette	INFO	Listening on port 61094
1560750704556	Marionette	WARN	TLS certificate errors will be ignored for this session
1560750715643	Marionette	INFO	Stopped listening on port 61094
[Parent 8800, Gecko_IOThread] WARNING: pipe error: 109: file z:/build/build/src/ipc/chromium/src/chrome/common/ipc_channel_win.cc, line 332
[Child 14104, Chrome_ChildThread] WARNING: pipe error: 109: file z:/build/build/src/ipc/chromium/src/chrome/common/ipc_channel_win.cc, line 332
[Child 14104, Chrome_Ch[Child 16340, Chrome_ChildThread] WARNING: pipe error: 109: file z:/build/build/src/ipc/chromium/src/chrome/common/ipc_channel_win.cc, line 332
[Child 16340, Chrom[Parent 8800, Gecko_IOThread] WARNING: pipe error: 109: file z:/build/build/src/ipc/chromium/src/chrome/common/ipc_channel_win.cc, line 332
[Child 5176, Chrome_ChildThread] WARNING: pipe error: 109: file z:/build/build/src/ipc/chromium/src/chrome/common/ipc_channel_win.cc, line 332
[Child 5176, Chrome_ChildThread] WA[GPU 10320, Chrome_ChildThre
###!!! [Child][RunMessage] Error: Channel closing: too late to send/recv, messages will be lost


###!!! [Child][MessageChannel::SendAndWait] Error: Channel error: cannot send/recv

1560750836717	mozrunner::runner	INFO	Running command: "C:\\Program Files\\Mozilla Firefox\\firefox.exe" "-marionette" "-foreground" "-no-remote" "-profile" "C:\\Users\\ADMINI~1\\AppData\\Local\\Temp\\rust_mozprofile.mdirzfDZnYlk"
1560750837365	addons.webextension.screenshots@mozilla.org	WARN	Loading extension 'screenshots@mozilla.org': Reading manifest: Invalid host permission: resource://pdf.js/
1560750837365	addons.webextension.screenshots@mozilla.org	WARN	Loading extension 'screenshots@mozilla.org': Reading manifest: Invalid host permission: about:reader*
1560750840594	Marionette	INFO	Listening on port 61215
1560750841050	Marionette	WARN	TLS certificate errors will be ignored for this session
1560750852459	Marionette	INFO	Stopped listening on port 61215
[Child 10872, Chrome_ChildThread] WARNING: pipe error: 109: file z:/build/build/src/ipc/chromium/src/chrome/common/ipc_channel_win.cc, line 332
[Child 10872, Chrome_[Child 4136, Chrome_ChildThread] WARNING: pipe error: 109: file z:/build/build/src/ipc/chromium/src/chrome/common/ipc_channel_win.cc, line 332
[Child 4136, Chrome_ChildThread] WARN[Parent 11844, Gecko_IOThread] WARNING: pipe error: 109: file z:/build/build/src/ipc/chromium/src/chrome/common/ipc_channel_win.cc, line 332
[Child 9536, Chrome_ChildThread] WARNING: pipe error: 109: file z:/build/build/src/ipc/chromium/src/chrome/common/ipc_channel_win.cc, line 332
[Child 9536, C[GPU 932
###!!! [Child][RunMessage] Error: Channel closing: too late to send/recv, messages will be lost

4
###!!! [Child][MessageChannel::SendAndWait] Error: Channel error: cannot send/recv

1560750872285	mozrunner::runner	INFO	Running command: "C:\\Program Files\\Mozilla Firefox\\firefox.exe" "-marionette" "-foreground" "-no-remote" "-profile" "C:\\Users\\ADMINI~1\\AppData\\Local\\Temp\\rust_mozprofile.3I35xyomDJfT"
1560750872925	addons.webextension.screenshots@mozilla.org	WARN	Loading extension 'screenshots@mozilla.org': Reading manifest: Invalid host permission: resource://pdf.js/
1560750872925	addons.webextension.screenshots@mozilla.org	WARN	Loading extension 'screenshots@mozilla.org': Reading manifest: Invalid host permission: about:reader*
1560750876147	Marionette	INFO	Listening on port 61325
1560750876618	Marionette	WARN	TLS certificate errors will be ignored for this session
1560750887902	Marionette	INFO	Stopped listening on port 61325
[Child 13328, Chrome_ChildThread] WARNING: pipe error: 109: file z:/build/build/src/ipc/chromium/src/chrome/common/ipc_channel_win.cc, line 332
[Child 13328, Chrome_Ch[Parent 15520, Gecko_IOThread] WARNING: pipe error: 109: file z:/build/build/src/ipc/chromium/src/chrome/common/ipc_channel_win.cc, line 332
[Child 16048, Chrome_ChildThread] WARNING: pipe error: 232: file z:/build/build/src/ipc/chromium/src/chrome/common/ipc_channel_win.cc, line 493
[Child 16048, Chrome_ChildThread] WARNING: pipe error: 109: file z:/build/build/src/ipc/chromium/src/chrome/common/ipc_channel_win.cc, line 332
[Child 16048, [Parent 15520, Gecko_IOThread] WARNING: pipe error: 109: file z:/build/build/src/ipc/chromium/src/chrome/common/ipc_channel_win.cc, line 332
[Child 14036, Chrome_ChildThread] WARNING: pipe error: 109: file z:/build/build/src/ipc/chromium/src/chrome/common/ipc_channel_win.cc, line 332
[Child [GPU 15232, Chrome_ChildThread]
###!!! [Child][MessageChannel::SendAndWait] Error: Channel error: cannot send/recv

1560751652456	mozrunner::runner	INFO	Running command: "C:\\Program Files\\Mozilla Firefox\\firefox.exe" "-marionette" "-foreground" "-no-remote" "-profile" "C:\\Users\\ADMINI~1\\AppData\\Local\\Temp\\rust_mozprofile.01UG1xkecWs4"
1560751653125	addons.webextension.screenshots@mozilla.org	WARN	Loading extension 'screenshots@mozilla.org': Reading manifest: Invalid host permission: resource://pdf.js/
1560751653126	addons.webextension.screenshots@mozilla.org	WARN	Loading extension 'screenshots@mozilla.org': Reading manifest: Invalid host permission: about:reader*
1560751656151	Marionette	INFO	Listening on port 62150
1560751656296	Marionette	WARN	TLS certificate errors will be ignored for this session
console.error: BroadcastService: 
  receivedBroadcastMessage: handler for
  remote-settings/monitor_changes
  threw error:
  Message: Error: Polling for changes failed: NetworkError when attempting to fetch resource..
  Stack:
    remoteSettingsFunction/remoteSettings.pollChanges@resource://services-settings/remote-settings.js:188:13

[Child 14768, Chrome_ChildThread] WARNING: pipe error: 109: file z:/build/build/src/ipc/chromium/src/chrome/common/ipc_channel_win.cc, line 332

###!!! [Child][RunMessage] Error: Channel closing: too late to send/recv, messages will be lost

[Child 14768, Chrom[Child 9860, Chrome_ChildThread] WARNING: pipe error: 109: file z:/build/build/src/ipc/chromium/src[Parent 12304, Gecko_IOThread] WARNING: pipe error: 109: file z:/build/build/s[Parent 11480, Gecko_IOThread] WARNING: pipe error: 109: file z:/build/build/src/ipc/chromium/src/chrome/common/ipc_channel_win.cc, line 332
[Child 16084, Chrome_ChildThread] WARNING: pipe error: 109: file z:/build/build/src/ipc/chromium/src/chrome/common/ipc_channel_win.cc, line 332
[Child 16084, Chrome_ChildThread] WARNING: pipe error: 109: file z:/build/build/src1560751902497	Marionette	INFO	Stopped listening on port 62150

###!!! [Child][RunMessage] Error: Channel closing: too late to send/recv, messages will be lost

[GPU 16128, Chrome_ChildThread] WARNING: pipe error: 109: file z:/build/build/src/ipc/chromium/sr
###!!! [Child][MessageChannel::SendAndWait] Error: Channel error: cannot send/recv

 WARNING: pipe error: 109: file z:/build/build/src/ipc/chromium/src/chrome/common/ipc_channel_win.cc, line 332
[Child 15960, Chrome_ChildThread] W1560751905521	mozrunner::runner	INFO	Running command: "C:\\Program Files\\Mozilla Firefox\\firefox.exe" "-marionette" "-foreground" "-no-remote" "-profile" "C:\\Users\\ADMINI~1\\AppData\\Local\\Temp\\rust_mozprofile.Ddn4W71KFQ5l"
1560751906167	addons.webextension.screenshots@mozilla.org	WARN	Loading extension 'screenshots@mozilla.org': Reading manifest: Invalid host permission: resource://pdf.js/
1560751906168	addons.webextension.screenshots@mozilla.org	WARN	Loading extension 'screenshots@mozilla.org': Reading manifest: Invalid host permission: about:reader*
1560751909259	Marionette	INFO	Listening on port 62467
1560751909367	Marionette	WARN	TLS certificate errors will be ignored for this session
1560751920704	Marionette	INFO	Stopped listening on port 62467
[Child 16340, Chrome_ChildThread] WARNING: pipe error: 109: file z:/build/build/src/ipc/chromium/src/chrome/common/ipc_channel_win.cc, line 332
[Child 16340, Chrome_ChildThread] WARNING: pipe error[Child 9104, Chrome_ChildThread] WARNING: pipe error: 109: file z:/build/build/src/ipc/chromium/src/chrome/common/ipc_channel_win.cc, line 332
[Child 9104, Chrome_ChildThread] WARNING: pipe[Parent 17352, Gecko_IOThread] WARNING: pipe error: 109: file z:/build/build/src/ipc/chromium/src/chrome/common/ipc_channel_win.cc, line 332
[Child 1264, Chrome_ChildThread] WARNING: pipe error: 109: file z:/build/build/src/ipc/chromium/src/chrome/common/ipc_channel_win.cc, line 332
[Child 1264, Chr
###!!! [Child][RunMessage] Error: Channel closing: too late to send/recv, messages will be lost

[GPU 16200, Chrome_ChildThread] WARNING: pipe err
###!!! [Child][MessageChannel::SendAndWait] Error: Channel error: cannot send/recv

1560751951741	mozrunner::runner	INFO	Running command: "C:\\Program Files\\Mozilla Firefox\\firefox.exe" "-marionette" "-foreground" "-no-remote" "-profile" "C:\\Users\\ADMINI~1\\AppData\\Local\\Temp\\rust_mozprofile.rvhboZ8FhNwO"
1560751952378	addons.webextension.screenshots@mozilla.org	WARN	Loading extension 'screenshots@mozilla.org': Reading manifest: Invalid host permission: resource://pdf.js/
1560751952379	addons.webextension.screenshots@mozilla.org	WARN	Loading extension 'screenshots@mozilla.org': Reading manifest: Invalid host permission: about:reader*
1560751955417	Marionette	INFO	Listening on port 62565
1560751955581	Marionette	WARN	TLS certificate errors will be ignored for this session
[Child 14568, Chrome_ChildThread] WARNING: pipe error: 109: file z:/build/build/src/ipc/chromium/src/chrome/common/ipc_channel_win.cc, line 332
[Child 14568, Ch[Child 15596, Chrome_ChildThread] WARNING: pipe error: 109: file z:/build/build/src/ipc/chromium/src/chrome/common/ipc_channel_win.cc, line 332
[Child 15596, Chrome_ChildThread] WARNING: pipe error: 109: file z:/build/build/src/ipc/chromium/src/chrome/common/ipc_channel_win.cc, line 332
[Parent 14864, Gecko_IOThread] WARNING: pipe error: 109: file z:/build/build/src/ipc/chromium/src/chrome/common/ipc_channel_win.cc, line 332
[Child 16816, Chrome_ChildThread] WARNING: pipe error: 109: file z:/build/build/src/ipc/chromium/src/chrome/common/iconsole.error: BroadcastService: 
  receivedBroadcastMessage: handler for
  remote-settings/monitor_changes
  threw error:
  Message: Error: Polling for changes failed: NetworkError when attempting to fetch resource..
  Stack:
    remoteSettingsFunction/remoteSettings.pollChanges@resource://services-settings/remote-settings.js:188:13

[Child 14880, Chrome_ChildThread] WARNING: pipe error: 109: file z:/build/build/src/ipc/chromium/src/chrome/common/ipc_channel_win.cc, line 332
[Child 14880,[Child 14704, Chrome_ChildThread] WARNING: pipe error: 109: file z:/build/build/src/ipc/chromium/src/chrome/common/ipc_channel_win.cc, line 332
[Child 147[Parent 13548, Gecko_IOThread] WARNING: pipe error: 109: file z:/build/build/src/ipc/chromium/src/chrome/common/ipc_channel_win.cc, line 332
[Child 1188, Chrome_ChildThread] WARNING: pipe error: 109: file z:/build/build/src/ipc/chromium/src/chrome/common/ipc_channel_win.cc, line 332
[Child 1188, C1560753537569	Marionette	INFO	Stopped listening on port 62677
[GPU 11080, Chrome_ChildT
###!!! [Child][RunMessage] Error: Channel closing: too late to send/recv, messages will be lost

hread] WAR
###!!! [Child][MessageChannel::SendAndWait] Error: Channel error: cannot send/recv

cc, line 332
[Child 13324, Chrome_ChildThread] WARNING: pipe error: 109: file z:/build/build/src/ipc/chromium/src/chrome/comm[Parent 15476, Gecko_IOThread] WARNING: pipe error: 109: file z:/build/build/src/ipc/chromium/src/chrome/common/ipc_channel_win.cc, line 332
[Child 17072, Chrome_ChildThread] WARNING: pipe error: 232: file z:/build/build/src/ipc/chromium/src/chrome/common/ipc_channel_win.cc, line 493
[Child 17072, Chrome_ChildThread] WARNING: pipe error: 232: file z:/build/build/src/ipc/chromium/src/chrome/common/ipc_channel_win.cc, line 493
[Child 17072, Chrome_ChildThread] WARNING: pipe error: 109: file z:/build/build/src/ipc/chromium/src/chrome/common/ipc_channel_win.cc, line 332
[Child 17072, Chrome_ChildTh[Parent 15476, Gecko_IOThread] WARNING: pipe error: 109: file z:/build/build/src/ipc/chromium/src/chrome/common/ipc_channel_win.cc, line 332

###!!! [Child][RunMessage] Error: Channel closing: too late to send/recv, messages will be lost

[
###!!! [Child][MessageChannel::SendAndWait] Error: Channel error: cannot send/recv

1560752162084	mozrunner::runner	INFO	Running command: "C:\\Program Files\\Mozilla Firefox\\firefox.exe" "-marionette" "-foreground" "-no-remote" "-profile" "C:\\Users\\ADMINI~1\\AppData\\Local\\Temp\\rust_mozprofile.CPspYyrq5MRT"
1560752162782	addons.webextension.screenshots@mozilla.org	WARN	Loading extension 'screenshots@mozilla.org': Reading manifest: Invalid host permission: resource://pdf.js/
1560752162782	addons.webextension.screenshots@mozilla.org	WARN	Loading extension 'screenshots@mozilla.org': Reading manifest: Invalid host permission: about:reader*
1560752165794	Marionette	INFO	Listening on port 62903
1560752165917	Marionette	WARN	TLS certificate errors will be ignored for this session
1560752177176	Marionette	INFO	Stopped listening on port 62903
[Child 15164, Chrome_ChildThread] WARNING: pipe error: 109: file z:/build/build/src/ipc/chromium/src/chrome/common/ipc_channel_win.cc, line 332
[Child 15164, Ch[Parent 12204, Gecko_IOThread] WARNING: pipe error: 109: file z:/build/build/src/ipc/chromium/src/chrome/common/ipc_channel_win.cc, line 332
[Parent 12204, Gecko_IOThread] WARNING: pipe error: 109: file z:/build/build/src/ipc/chromium/src/chrome/common/ipc_channel_win.cc, line 332
[Child 12404, Chrome_ChildThread] WARNING: pipe error: 109: file z:/build/build/src/ipc/chromium/src/chrome/common/ipc_channel_win.cc, line 332
[Child 12404, Chrome[GPU 16924, Chrome_Chi
###!!! [Child][RunMessage] Error: Channel closing: too late to send/recv, messages will be lost


###!!! [Child][MessageChannel::SendAndWait] Error: Channel error: cannot send/recv

1560752267879	mozrunner::runner	INFO	Running command: "C:\\Program Files\\Mozilla Firefox\\firefox.exe" "-marionette" "-foreground" "-no-remote" "-profile" "C:\\Users\\ADMINI~1\\AppData\\Local\\Temp\\rust_mozprofile.s8lKRZk0rzjC"
1560752268525	addons.webextension.screenshots@mozilla.org	WARN	Loading extension 'screenshots@mozilla.org': Reading manifest: Invalid host permission: resource://pdf.js/
1560752268525	addons.webextension.screenshots@mozilla.org	WARN	Loading extension 'screenshots@mozilla.org': Reading manifest: Invalid host permission: about:reader*
1560752271534	Marionette	INFO	Listening on port 63027
1560752271711	Marionette	WARN	TLS certificate errors will be ignored for this session
1560752283081	Marionette	INFO	Stopped listening on port 63027
[Parent 14516, Gecko_IOThread] WARNING: pipe error: 109: file z:/build/build/src/ipc/chromium/src/chrome/common/ipc_channel_win.cc, line 332
[Child 17304, Chrome_ChildThread] WARNING: pipe error: 109: file z:/build/build/src/ipc/chromium/src/chrome/common/ipc_channel_win.cc, line 332
[Child 17304, Chrome_ChildThread] WARNING
###!!! [Child][RunMessage] Error: Channel closing: too late to send/recv, messages will be lost

[Child 12584, Chrome_ChildThread] WARNING: pipe error: 109: file z:/build/build/src/ipc/chromium/src/chrome/common/ipc_channel_win.cc, line 332
[Child 12584, Chrome_ChildThread] WARNING: pipe error: 109: file z:/build/build/src/ipc/chromium/src/c[Parent 14516, Gecko_IOThread] WARNING: pipe error: 109: file z:/build/build/src/ipc/chromium/src/chrome/common/ipc_channel_win.cc, line 332
[Child 13956, Chrome_ChildThread] WARNING: pipe error: 109: file z:/build/build/src/ipc/chromium/src/chrome/common/ipc_channel_win.cc, line 332
[Child 13956, Chrome_ChildThread] [G
###!!! [Child][RunMessage] Error: Channel closing: too late to send/recv, messages will be lost

P
###!!! [Child][MessageChannel::SendAndWait] Error: Channel error: cannot send/recv

1560752423378	mozrunner::runner	INFO	Running command: "C:\\Program Files\\Mozilla Firefox\\firefox.exe" "-marionette" "-foreground" "-no-remote" "-profile" "C:\\Users\\ADMINI~1\\AppData\\Local\\Temp\\rust_mozprofile.xwoMYWUsijMr"
1560752424041	addons.webextension.screenshots@mozilla.org	WARN	Loading extension 'screenshots@mozilla.org': Reading manifest: Invalid host permission: resource://pdf.js/
1560752424042	addons.webextension.screenshots@mozilla.org	WARN	Loading extension 'screenshots@mozilla.org': Reading manifest: Invalid host permission: about:reader*
1560752427299	Marionette	INFO	Listening on port 63165
1560752427713	Marionette	WARN	TLS certificate errors will be ignored for this session
1560752440444	Marionette	INFO	Stopped listening on port 63165
[Parent 16356, Gecko_IOThread] WARNING: pipe error: 109: file z:/build/build/src/ipc/chromium/src/chrome/common/ipc_channel_win.cc, line 332
[Child 11736, Chrome_ChildThread] WARNING: pipe error: 109: file z:/build/build/src/ipc/chromium/src/chrome/common/ipc_chann[Child e16632l, C_hrowme_iChinldT.hrecad] WARNING: c, line 332
pipe error: 232: file z:/build/build/src/ipc/chromium/src/chrome/common/ipc_channel_win.cc, line 493
[Child 16632, Chrome_ChildThread] WARNING: pipe error: 109: file z:/build/build/src/ipc/chromium/src/chrome/common/ipc_channel_win.cc, line 332
[Child 16632,[Parent 16356, Gecko_IOThread] WARNING: pipe error: 109: file z:/build/build/src/ipc/chromium/src/chrome/common/ipc_channel_win.cc, line 332
[GPU 15732, Chrome_
###!!! [Child][RunMessage] Error: Channel closing: too late to send/recv, messages will be lost

C
###!!! [Child][MessageChannel::SendAndWait] Error: Channel error: cannot send/recv

1560752955890	mozrunner::runner	INFO	Running command: "C:\\Program Files\\Mozilla Firefox\\firefox.exe" "-marionette" "-foreground" "-no-remote" "-profile" "C:\\Users\\ADMINI~1\\AppData\\Local\\Temp\\rust_mozprofile.zTo6BbVmu9y3"
1560752956563	addons.webextension.screenshots@mozilla.org	WARN	Loading extension 'screenshots@mozilla.org': Reading manifest: Invalid host permission: resource://pdf.js/
1560752956563	addons.webextension.screenshots@mozilla.org	WARN	Loading extension 'screenshots@mozilla.org': Reading manifest: Invalid host permission: about:reader*
1560752959561	Marionette	INFO	Listening on port 63576
1560752959724	Marionette	WARN	TLS certificate errors will be ignored for this session
1560752971064	Marionette	INFO	Stopped listening on port 63576
[Parent 14700, Gecko_IOThread] WARNING: pipe error: 109: file z:/build/build/src/ipc/chromium/src/chrome/common/ipc_channel_win.cc, line 332
[Child 15752, Chrome_ChildThread] WARNING: pipe error: 109: file z:/build/build/src/ipc/chromium/src/chrome/common/ipc_channel_win.cc, line 332
[Child 15752, Chrome_ChildThread] WARNING: pipe error: 109: file z:/build/build/src/ipc/chromium/src/chrome/common/ipc_channel_win.cc, line 332

###!!! [Child][RunMessage] Error: Channel closing: too late to send/recv, messages will be lost

[Parent 14700, Gecko_IOThread] WARNING: pipe error: 109: file z:/build/build/src/ipc/chromium/src/chrome/common/ipc_channel_win.cc, line 332
[Child 15160, Chrome_ChildThread] WARNING: pipe error: 109: file z:/build/build/src/ipc/chromium/src/chrome/common/ipc_channel_win.cc, line 332
[Child 15160, [GPU 834
###!!! [Child][RunMessage] Error: Channel closing: too late to send/recv, messages will be lost

0,
###!!! [Child][MessageChannel::SendAndWait] Error: Channel error: cannot send/recv

1560753541788	mozrunner::runner	INFO	Running command: "C:\\Program Files\\Mozilla Firefox\\firefox.exe" "-marionette" "-foreground" "-no-remote" "-profile" "C:\\Users\\ADMINI~1\\AppData\\Local\\Temp\\rust_mozprofile.btcCcAYPZuSQ"
1560753542460	addons.webextension.screenshots@mozilla.org	WARN	Loading extension 'screenshots@mozilla.org': Reading manifest: Invalid host permission: resource://pdf.js/
1560753542460	addons.webextension.screenshots@mozilla.org	WARN	Loading extension 'screenshots@mozilla.org': Reading manifest: Invalid host permission: about:reader*
1560753545478	Marionette	INFO	Listening on port 63847
1560753545631	Marionette	WARN	TLS certificate errors will be ignored for this session
[Parent 15364, Gecko_IOThread] WARNING: pipe error: 109: file z:/build/build/src/ipc/chromium/src/chrome/common/ipc_channel_win.cc, line 332
[Parent 15364, Gecko_IOThread] WARNING: pipe error: 109: file z:/build/build/src/ipc/chromium/src/chrome/common/ipc_channel_win.cc, line 332
[Child 1
###!!! [Child][MessageChannel] Error: (msgtype=0x5F0029,name=PNecko::Msg_RemoveRequestContext) Channel closing: too late to send/recv, messages will be lost

6748, Chrome_ChildThread] WARNING: pipe error: 109: file z:/build/build/src/ipc/chromium/src/chrome/common/ipc_channel_win.cc, line 332
[Child 16748, Chrome_ChildThread] WARNING: pipe error: 109: file z:/bui[Child 16920, Chrome_ChildThread] WARNING: pipe error: 109: file z:/build/build/src/ipc/chromium/src/chrome/common/ipc_channel_win.cc, line 332
[Child 16920, Chrome_ChildThread] WARN[Parent 15364, Gecko_IOThread] WARNING: pipe error: 109: file z:/build/build/src/ipc/chromium/src/chrome/common/ipc_channel_win.cc, line 332
[Child 12368, Chrome_ChildThread] WARNING: pipe error: 109: file z:/build/build/src/ipc/chromium/src/chrome/common/ipc_channel_win.cc, line 332
[Child 12368,1560753574862	Marionette	INFO	Stopped listening on port 63847

###!!! [Child][RunMessage] Error: Channel closing: too late to send/recv, messages will be lost

[GPU 1553
###!!! [Child][MessageChannel::SendAndWait] Error: Channel error: cannot send/recv

1560753578999	mozrunner::runner	INFO	Running command: "C:\\Program Files\\Mozilla Firefox\\firefox.exe" "-marionette" "-foreground" "-no-remote" "-profile" "C:\\Users\\ADMINI~1\\AppData\\Local\\Temp\\rust_mozprofile.HwDcSYCYUi6O"
1560753579634	addons.webextension.screenshots@mozilla.org	WARN	Loading extension 'screenshots@mozilla.org': Reading manifest: Invalid host permission: resource://pdf.js/
1560753579635	addons.webextension.screenshots@mozilla.org	WARN	Loading extension 'screenshots@mozilla.org': Reading manifest: Invalid host permission: about:reader*
1560753582628	Marionette	INFO	Listening on port 63945
1560753582834	Marionette	WARN	TLS certificate errors will be ignored for this session
1560753594371	Marionette	INFO	Stopped listening on port 63945
[Child 15680, Chrome_ChildThread] WARNING: pipe error: 109: file z:/build/build/src/ipc/chromium/src/chrome/common/ipc_channel_win.cc, line 332
[Child 15680, Chrome_ChildThread[Parent 15288, Gecko_IOThread] WARNING: pipe error: 109: file z:/build/build/src/ipc/chromium/src/chrome/common/ipc_channel_win.cc, line 332
[Child 6420, Chrome_ChildThread] WARNING: pipe error: 109: file z:/build/build/src/ipc/chromium/src/chrome/common/ipc_channel_win.cc, line 332
[Child 6420, Chrome_ChildThread] WARNING: pipe [Parent 15288, Gecko_IOThread] WARNING: pipe error: 109: file z:/build/build/src/ipc/chromium/src/chrome/common/ipc_channel_win.cc, line 332
[Child 14220, Chrome_ChildThread] WARNING: pipe error: 109: file z:/build/build/src/ipc/chromium/src/chrome/common/ipc_channel_win.cc, line 332
[Child 14220, Chrome_ChildThread] WARNING: pipe error:[GPU 14296, Ch
###!!! [Child][MessageChannel::SendAndWait] Error: Channel error: cannot send/recv

1560753642037	mozrunner::runner	INFO	Running command: "C:\\Program Files\\Mozilla Firefox\\firefox.exe" "-marionette" "-foreground" "-no-remote" "-profile" "C:\\Users\\ADMINI~1\\AppData\\Local\\Temp\\rust_mozprofile.cMWR2ODq4Zbr"
1560753642683	addons.webextension.screenshots@mozilla.org	WARN	Loading extension 'screenshots@mozilla.org': Reading manifest: Invalid host permission: resource://pdf.js/
1560753642683	addons.webextension.screenshots@mozilla.org	WARN	Loading extension 'screenshots@mozilla.org': Reading manifest: Invalid host permission: about:reader*
1560753645893	Marionette	INFO	Listening on port 64062
1560753646376	Marionette	WARN	TLS certificate errors will be ignored for this session
1560753657413	Marionette	INFO	Stopped listening on port 64062
[Parent 15504, Gecko_IOThread] WARNING: pipe error: 109: file z:/build/build/src/ipc/chromium/src/chrome/common/ipc_channel_win.cc, line 332
[Parent 15504, Gecko_IOThread] WARNING: pipe error: 109: file z:/build/build/src/ipc/chromium/src/chrome/common/ipc_channel_win.cc, line 332
[Child 16464, Chrome_ChildThread] WARNING: pipe error: 109: file z:/build/build/src/ipc/chromium/src/chrome/common/ipc_channel_win.cc, line 332
[Child 16464, Chro[Child 17208, Chrome_ChildThread] WARNING: pipe error: 232: file z:/build/build/src/ipc/chromium/src/chrome/common/ipc_channel_win.cc, line 493
[Child 17208, Chrome_ChildThread] WARNING: pipe error: 109: file z:/build/build/src/ipc/chromium/src/chrome/common/ipc_channel_win.cc, line 332
[Child 17208, Chrome_[Parent 15504, Gecko_IOThread] WARNING: pipe error: 109: file z:/build/build/src/ipc/chromium/src/chrome/common/ipc_channel_win.cc, line 332
[Child 7476, Chrome_ChildThread] WARNING: pipe error: 109: file z:/build/build/src/ipc/chromium/src/chrome/common/ipc_channel_win.cc, line 332
[Child 7476, Chrome_ChildTh
###!!! [Child][RunMessage] Error: Channel closing: too late to send/recv, messages will be lost

[GPU 16780, Chrome_ChildTh
###!!! [Child][MessageChannel::SendAndWait] Error: Channel error: cannot send/recv

